C:\USERS\NICK\APPDATA\LOCAL\TEMP\PS3PPULD101322\BLACKOPS3ZOMBIEMENUNOHOST
C:\USERS\NICK\APPDATA\LOCAL\TEMP\PS3PPULD101322\LIB.ENT.O
C:\USERS\NICK\APPDATA\LOCAL\TEMP\PS3PPULD103082\BLACKOPS3ZOMBIEMENUNOHOST
C:\USERS\NICK\APPDATA\LOCAL\TEMP\PS3PPULD103082\LIB.ENT.O
C:\USERS\NICK\APPDATA\LOCAL\TEMP\PS3PPULD106042\BLACKOPS3ZOMBIEMENUNOHOST
C:\USERS\NICK\APPDATA\LOCAL\TEMP\PS3PPULD106042\LIB.ENT.O
C:\USERS\NICK\APPDATA\LOCAL\TEMP\PS3PPULD107962\BLACKOPS3ZOMBIEMENUNOHOST
C:\USERS\NICK\APPDATA\LOCAL\TEMP\PS3PPULD107962\LIB.ENT.O
C:\USERS\NICK\APPDATA\LOCAL\TEMP\PS3PPULD109162\BLACKOPS3ZOMBIEMENUNOHOST
C:\USERS\NICK\APPDATA\LOCAL\TEMP\PS3PPULD109162\LIB.ENT.O
C:\USERS\NICK\APPDATA\LOCAL\TEMP\PS3PPULD110722\BLACKOPS3ZOMBIEMENUNOHOST
C:\USERS\NICK\APPDATA\LOCAL\TEMP\PS3PPULD110722\LIB.ENT.O
C:\USERS\NICK\APPDATA\LOCAL\TEMP\PS3PPULD111842\BLACKOPS3ZOMBIEMENUNOHOST
C:\USERS\NICK\APPDATA\LOCAL\TEMP\PS3PPULD111842\LIB.ENT.O
C:\USERS\NICK\APPDATA\LOCAL\TEMP\PS3PPULD113002\BLACKOPS3ZOMBIEMENUNOHOST
C:\USERS\NICK\APPDATA\LOCAL\TEMP\PS3PPULD113002\LIB.ENT.O
C:\USERS\NICK\APPDATA\LOCAL\TEMP\PS3PPULD113482\BLACKOPS3ZOMBIEMENUNOHOST
C:\USERS\NICK\APPDATA\LOCAL\TEMP\PS3PPULD113482\LIB.ENT.O
C:\USERS\NICK\APPDATA\LOCAL\TEMP\PS3PPULD114402\BLACKOPS3ZOMBIEMENUNOHOST
C:\USERS\NICK\APPDATA\LOCAL\TEMP\PS3PPULD114402\LIB.ENT.O
C:\USERS\NICK\APPDATA\LOCAL\TEMP\PS3PPULD116522\BLACKOPS3ZOMBIEMENUNOHOST
C:\USERS\NICK\APPDATA\LOCAL\TEMP\PS3PPULD116522\LIB.ENT.O
C:\USERS\NICK\APPDATA\LOCAL\TEMP\PS3PPULD117402\BLACKOPS3ZOMBIEMENUNOHOST
C:\USERS\NICK\APPDATA\LOCAL\TEMP\PS3PPULD117402\LIB.ENT.O
C:\USERS\NICK\APPDATA\LOCAL\TEMP\PS3PPULD117602\BLACKOPS3ZOMBIEMENUNOHOST
C:\USERS\NICK\APPDATA\LOCAL\TEMP\PS3PPULD117602\LIB.ENT.O
C:\USERS\NICK\APPDATA\LOCAL\TEMP\PS3PPULD117642\BLACKOPS3ZOMBIEMENUNOHOST
C:\USERS\NICK\APPDATA\LOCAL\TEMP\PS3PPULD117642\LIB.ENT.O
C:\USERS\NICK\APPDATA\LOCAL\TEMP\PS3PPULD118122\BLACKOPS3ZOMBIEMENUNOHOST
C:\USERS\NICK\APPDATA\LOCAL\TEMP\PS3PPULD118122\LIB.ENT.O
C:\USERS\NICK\APPDATA\LOCAL\TEMP\PS3PPULD118202\BLACKOPS3ZOMBIEMENUNOHOST
C:\USERS\NICK\APPDATA\LOCAL\TEMP\PS3PPULD118202\LIB.ENT.O
C:\USERS\NICK\APPDATA\LOCAL\TEMP\PS3PPULD120162\BLACKOPS3ZOMBIEMENUNOHOST
C:\USERS\NICK\APPDATA\LOCAL\TEMP\PS3PPULD120162\LIB.ENT.O
C:\USERS\NICK\APPDATA\LOCAL\TEMP\PS3PPULD121722\BLACKOPS3ZOMBIEMENUNOHOST
C:\USERS\NICK\APPDATA\LOCAL\TEMP\PS3PPULD121722\LIB.ENT.O
C:\USERS\NICK\APPDATA\LOCAL\TEMP\PS3PPULD121842\BLACKOPS3ZOMBIEMENUNOHOST
C:\USERS\NICK\APPDATA\LOCAL\TEMP\PS3PPULD121842\LIB.ENT.O
C:\USERS\NICK\APPDATA\LOCAL\TEMP\PS3PPULD122002\BLACKOPS3ZOMBIEMENUNOHOST
C:\USERS\NICK\APPDATA\LOCAL\TEMP\PS3PPULD122002\LIB.ENT.O
C:\USERS\NICK\APPDATA\LOCAL\TEMP\PS3PPULD124762\BLACKOPS3ZOMBIEMENUNOHOST
C:\USERS\NICK\APPDATA\LOCAL\TEMP\PS3PPULD124762\LIB.ENT.O
C:\USERS\NICK\APPDATA\LOCAL\TEMP\PS3PPULD126802\BLACKOPS3ZOMBIEMENUNOHOST
C:\USERS\NICK\APPDATA\LOCAL\TEMP\PS3PPULD126802\LIB.ENT.O
C:\USERS\NICK\APPDATA\LOCAL\TEMP\PS3PPULD127042\BLACKOPS3ZOMBIEMENUNOHOST
C:\USERS\NICK\APPDATA\LOCAL\TEMP\PS3PPULD127042\LIB.ENT.O
C:\USERS\NICK\APPDATA\LOCAL\TEMP\PS3PPULD128442\BLACKOPS3ZOMBIEMENUNOHOST
C:\USERS\NICK\APPDATA\LOCAL\TEMP\PS3PPULD128442\LIB.ENT.O
C:\USERS\NICK\APPDATA\LOCAL\TEMP\PS3PPULD132042\BLACKOPS3ZOMBIEMENUNOHOST
C:\USERS\NICK\APPDATA\LOCAL\TEMP\PS3PPULD132042\LIB.ENT.O
C:\USERS\NICK\APPDATA\LOCAL\TEMP\PS3PPULD132522\BLACKOPS3ZOMBIEMENUNOHOST
C:\USERS\NICK\APPDATA\LOCAL\TEMP\PS3PPULD132522\LIB.ENT.O
C:\USERS\NICK\APPDATA\LOCAL\TEMP\PS3PPULD19522\BLACKOPS3ZOMBIEMENUNOHOST
C:\USERS\NICK\APPDATA\LOCAL\TEMP\PS3PPULD19522\LIB.ENT.O
C:\USERS\NICK\APPDATA\LOCAL\TEMP\PS3PPULD55442\BLACKOPS3ZOMBIEMENUNOHOST
C:\USERS\NICK\APPDATA\LOCAL\TEMP\PS3PPULD55442\LIB.ENT.O
C:\USERS\NICK\APPDATA\LOCAL\TEMP\PS3PPULD55762\BLACKOPS3ZOMBIEMENUNOHOST
C:\USERS\NICK\APPDATA\LOCAL\TEMP\PS3PPULD55762\LIB.ENT.O
C:\USERS\NICK\APPDATA\LOCAL\TEMP\PS3PPULD57882\BLACKOPS3ZOMBIEMENUNOHOST
C:\USERS\NICK\APPDATA\LOCAL\TEMP\PS3PPULD57882\LIB.ENT.O
C:\USERS\NICK\APPDATA\LOCAL\TEMP\PS3PPULD61762\BLACKOPS3ZOMBIEMENUNOHOST
C:\USERS\NICK\APPDATA\LOCAL\TEMP\PS3PPULD61762\LIB.ENT.O
C:\USERS\NICK\APPDATA\LOCAL\TEMP\PS3PPULD62802\BLACKOPS3ZOMBIEMENUNOHOST
C:\USERS\NICK\APPDATA\LOCAL\TEMP\PS3PPULD62802\LIB.ENT.O
C:\USERS\NICK\APPDATA\LOCAL\TEMP\PS3PPULD64162\BLACKOPS3ZOMBIEMENUNOHOST
C:\USERS\NICK\APPDATA\LOCAL\TEMP\PS3PPULD64162\LIB.ENT.O
C:\USERS\NICK\APPDATA\LOCAL\TEMP\PS3PPULD70962\BLACKOPS3ZOMBIEMENUNOHOST
C:\USERS\NICK\APPDATA\LOCAL\TEMP\PS3PPULD70962\LIB.ENT.O
C:\USERS\NICK\APPDATA\LOCAL\TEMP\PS3PPULD71162\BLACKOPS3ZOMBIEMENUNOHOST
C:\USERS\NICK\APPDATA\LOCAL\TEMP\PS3PPULD71162\LIB.ENT.O
C:\USERS\NICK\APPDATA\LOCAL\TEMP\PS3PPULD74642\BLACKOPS3ZOMBIEMENUNOHOST
C:\USERS\NICK\APPDATA\LOCAL\TEMP\PS3PPULD74642\LIB.ENT.O
C:\USERS\NICK\APPDATA\LOCAL\TEMP\PS3PPULD77682\BLACKOPS3ZOMBIEMENUNOHOST
C:\USERS\NICK\APPDATA\LOCAL\TEMP\PS3PPULD77682\LIB.ENT.O
C:\USERS\NICK\APPDATA\LOCAL\TEMP\PS3PPULD79162\BLACKOPS3ZOMBIEMENUNOHOST
C:\USERS\NICK\APPDATA\LOCAL\TEMP\PS3PPULD79162\LIB.ENT.O
C:\USERS\NICK\APPDATA\LOCAL\TEMP\PS3PPULD8082\BLACKOPS3ZOMBIEMENUNOHOST
C:\USERS\NICK\APPDATA\LOCAL\TEMP\PS3PPULD8082\LIB.ENT.O
C:\USERS\NICK\APPDATA\LOCAL\TEMP\PS3PPULD82082\BLACKOPS3ZOMBIEMENUNOHOST
C:\USERS\NICK\APPDATA\LOCAL\TEMP\PS3PPULD82082\LIB.ENT.O
C:\USERS\NICK\APPDATA\LOCAL\TEMP\PS3PPULD95362\BLACKOPS3ZOMBIEMENUNOHOST
C:\USERS\NICK\APPDATA\LOCAL\TEMP\PS3PPULD95362\LIB.ENT.O
C:\USERS\NICK\APPDATA\LOCAL\TEMP\PS3PPULD95522\BLACKOPS3ZOMBIEMENUNOHOST
C:\USERS\NICK\APPDATA\LOCAL\TEMP\PS3PPULD95522\LIB.ENT.O
C:\USERS\NICK\APPDATA\LOCAL\TEMP\PS3PPULD99042\BLACKOPS3ZOMBIEMENUNOHOST
C:\USERS\NICK\APPDATA\LOCAL\TEMP\PS3PPULD99042\LIB.ENT.O
C:\USERS\NICK\DESKTOP\BO3 ZM NON-HOST MENU\BLACKOPS3ZOMBIEMENUNOHOST\BLACKOPS3ZOMBIEMENUNOHOST\PS3_DEBUG\BLACKOPS3ZOMBIEMENUNOHOST.PCH
C:\Users\Nick\Desktop\BO3 ZM Non-Host Menu\BlackOps3ZombieMenuNoHost\BlackOps3ZombieMenuNoHost\PS3_Debug\BlackOps3ZombieMenuNoHost.write.1.tlog
C:\USERS\NICK\DESKTOP\BO3 ZM NON-HOST MENU\BLACKOPS3ZOMBIEMENUNOHOST\BLACKOPS3ZOMBIEMENUNOHOST\PS3_DEBUG\PRX.O
C:\Users\Nick\Desktop\BO3 ZM Non-Host Menu\BlackOps3ZombieMenuNoHost\BlackOps3ZombieMenuNoHost\PS3_Debug\ps3ppuld.10132.read.1.tlog
C:\Users\Nick\Desktop\BO3 ZM Non-Host Menu\BlackOps3ZombieMenuNoHost\BlackOps3ZombieMenuNoHost\PS3_Debug\ps3ppuld.10132.write.1.tlog
C:\Users\Nick\Desktop\BO3 ZM Non-Host Menu\BlackOps3ZombieMenuNoHost\BlackOps3ZombieMenuNoHost\PS3_Debug\ps3ppuld.10288.read.1.tlog
C:\Users\Nick\Desktop\BO3 ZM Non-Host Menu\BlackOps3ZombieMenuNoHost\BlackOps3ZombieMenuNoHost\PS3_Debug\ps3ppuld.10288.write.1.tlog
C:\Users\Nick\Desktop\BO3 ZM Non-Host Menu\BlackOps3ZombieMenuNoHost\BlackOps3ZombieMenuNoHost\PS3_Debug\ps3ppuld.10412.read.1.tlog
C:\Users\Nick\Desktop\BO3 ZM Non-Host Menu\BlackOps3ZombieMenuNoHost\BlackOps3ZombieMenuNoHost\PS3_Debug\ps3ppuld.10412.write.1.tlog
C:\Users\Nick\Desktop\BO3 ZM Non-Host Menu\BlackOps3ZombieMenuNoHost\BlackOps3ZombieMenuNoHost\PS3_Debug\ps3ppuld.10824.read.1.tlog
C:\Users\Nick\Desktop\BO3 ZM Non-Host Menu\BlackOps3ZombieMenuNoHost\BlackOps3ZombieMenuNoHost\PS3_Debug\ps3ppuld.10824.write.1.tlog
C:\Users\Nick\Desktop\BO3 ZM Non-Host Menu\BlackOps3ZombieMenuNoHost\BlackOps3ZombieMenuNoHost\PS3_Debug\ps3ppuld.10828.read.1.tlog
C:\Users\Nick\Desktop\BO3 ZM Non-Host Menu\BlackOps3ZombieMenuNoHost\BlackOps3ZombieMenuNoHost\PS3_Debug\ps3ppuld.10828.write.1.tlog
C:\Users\Nick\Desktop\BO3 ZM Non-Host Menu\BlackOps3ZombieMenuNoHost\BlackOps3ZombieMenuNoHost\PS3_Debug\ps3ppuld.10924.read.1.tlog
C:\Users\Nick\Desktop\BO3 ZM Non-Host Menu\BlackOps3ZombieMenuNoHost\BlackOps3ZombieMenuNoHost\PS3_Debug\ps3ppuld.10924.write.1.tlog
C:\Users\Nick\Desktop\BO3 ZM Non-Host Menu\BlackOps3ZombieMenuNoHost\BlackOps3ZombieMenuNoHost\PS3_Debug\ps3ppuld.10984.read.1.tlog
C:\Users\Nick\Desktop\BO3 ZM Non-Host Menu\BlackOps3ZombieMenuNoHost\BlackOps3ZombieMenuNoHost\PS3_Debug\ps3ppuld.10984.write.1.tlog
C:\Users\Nick\Desktop\BO3 ZM Non-Host Menu\BlackOps3ZombieMenuNoHost\BlackOps3ZombieMenuNoHost\PS3_Debug\ps3ppuld.11232.read.1.tlog
C:\Users\Nick\Desktop\BO3 ZM Non-Host Menu\BlackOps3ZombieMenuNoHost\BlackOps3ZombieMenuNoHost\PS3_Debug\ps3ppuld.11232.write.1.tlog
C:\Users\Nick\Desktop\BO3 ZM Non-Host Menu\BlackOps3ZombieMenuNoHost\BlackOps3ZombieMenuNoHost\PS3_Debug\ps3ppuld.1128.read.1.tlog
C:\Users\Nick\Desktop\BO3 ZM Non-Host Menu\BlackOps3ZombieMenuNoHost\BlackOps3ZombieMenuNoHost\PS3_Debug\ps3ppuld.1128.write.1.tlog
C:\Users\Nick\Desktop\BO3 ZM Non-Host Menu\BlackOps3ZombieMenuNoHost\BlackOps3ZombieMenuNoHost\PS3_Debug\ps3ppuld.11836.read.1.tlog
C:\Users\Nick\Desktop\BO3 ZM Non-Host Menu\BlackOps3ZombieMenuNoHost\BlackOps3ZombieMenuNoHost\PS3_Debug\ps3ppuld.11836.write.1.tlog
C:\Users\Nick\Desktop\BO3 ZM Non-Host Menu\BlackOps3ZombieMenuNoHost\BlackOps3ZombieMenuNoHost\PS3_Debug\ps3ppuld.11904.read.1.tlog
C:\Users\Nick\Desktop\BO3 ZM Non-Host Menu\BlackOps3ZombieMenuNoHost\BlackOps3ZombieMenuNoHost\PS3_Debug\ps3ppuld.11904.write.1.tlog
C:\Users\Nick\Desktop\BO3 ZM Non-Host Menu\BlackOps3ZombieMenuNoHost\BlackOps3ZombieMenuNoHost\PS3_Debug\ps3ppuld.11948.read.1.tlog
C:\Users\Nick\Desktop\BO3 ZM Non-Host Menu\BlackOps3ZombieMenuNoHost\BlackOps3ZombieMenuNoHost\PS3_Debug\ps3ppuld.11948.write.1.tlog
C:\Users\Nick\Desktop\BO3 ZM Non-Host Menu\BlackOps3ZombieMenuNoHost\BlackOps3ZombieMenuNoHost\PS3_Debug\ps3ppuld.12040.read.1.tlog
C:\Users\Nick\Desktop\BO3 ZM Non-Host Menu\BlackOps3ZombieMenuNoHost\BlackOps3ZombieMenuNoHost\PS3_Debug\ps3ppuld.12040.write.1.tlog
C:\Users\Nick\Desktop\BO3 ZM Non-Host Menu\BlackOps3ZombieMenuNoHost\BlackOps3ZombieMenuNoHost\PS3_Debug\ps3ppuld.12056.read.1.tlog
C:\Users\Nick\Desktop\BO3 ZM Non-Host Menu\BlackOps3ZombieMenuNoHost\BlackOps3ZombieMenuNoHost\PS3_Debug\ps3ppuld.12056.write.1.tlog
C:\Users\Nick\Desktop\BO3 ZM Non-Host Menu\BlackOps3ZombieMenuNoHost\BlackOps3ZombieMenuNoHost\PS3_Debug\ps3ppuld.12428.read.1.tlog
C:\Users\Nick\Desktop\BO3 ZM Non-Host Menu\BlackOps3ZombieMenuNoHost\BlackOps3ZombieMenuNoHost\PS3_Debug\ps3ppuld.12428.write.1.tlog
C:\Users\Nick\Desktop\BO3 ZM Non-Host Menu\BlackOps3ZombieMenuNoHost\BlackOps3ZombieMenuNoHost\PS3_Debug\ps3ppuld.12584.read.1.tlog
C:\Users\Nick\Desktop\BO3 ZM Non-Host Menu\BlackOps3ZombieMenuNoHost\BlackOps3ZombieMenuNoHost\PS3_Debug\ps3ppuld.12584.write.1.tlog
C:\Users\Nick\Desktop\BO3 ZM Non-Host Menu\BlackOps3ZombieMenuNoHost\BlackOps3ZombieMenuNoHost\PS3_Debug\ps3ppuld.12660.read.1.tlog
C:\Users\Nick\Desktop\BO3 ZM Non-Host Menu\BlackOps3ZombieMenuNoHost\BlackOps3ZombieMenuNoHost\PS3_Debug\ps3ppuld.12660.write.1.tlog
C:\Users\Nick\Desktop\BO3 ZM Non-Host Menu\BlackOps3ZombieMenuNoHost\BlackOps3ZombieMenuNoHost\PS3_Debug\ps3ppuld.12672.read.1.tlog
C:\Users\Nick\Desktop\BO3 ZM Non-Host Menu\BlackOps3ZombieMenuNoHost\BlackOps3ZombieMenuNoHost\PS3_Debug\ps3ppuld.12672.write.1.tlog
C:\Users\Nick\Desktop\BO3 ZM Non-Host Menu\BlackOps3ZombieMenuNoHost\BlackOps3ZombieMenuNoHost\PS3_Debug\ps3ppuld.12724.read.1.tlog
C:\Users\Nick\Desktop\BO3 ZM Non-Host Menu\BlackOps3ZombieMenuNoHost\BlackOps3ZombieMenuNoHost\PS3_Debug\ps3ppuld.12724.write.1.tlog
C:\Users\Nick\Desktop\BO3 ZM Non-Host Menu\BlackOps3ZombieMenuNoHost\BlackOps3ZombieMenuNoHost\PS3_Debug\ps3ppuld.12828.read.1.tlog
C:\Users\Nick\Desktop\BO3 ZM Non-Host Menu\BlackOps3ZombieMenuNoHost\BlackOps3ZombieMenuNoHost\PS3_Debug\ps3ppuld.12828.write.1.tlog
C:\Users\Nick\Desktop\BO3 ZM Non-Host Menu\BlackOps3ZombieMenuNoHost\BlackOps3ZombieMenuNoHost\PS3_Debug\ps3ppuld.12912.read.1.tlog
C:\Users\Nick\Desktop\BO3 ZM Non-Host Menu\BlackOps3ZombieMenuNoHost\BlackOps3ZombieMenuNoHost\PS3_Debug\ps3ppuld.12912.write.1.tlog
C:\Users\Nick\Desktop\BO3 ZM Non-Host Menu\BlackOps3ZombieMenuNoHost\BlackOps3ZombieMenuNoHost\PS3_Debug\ps3ppuld.12956.read.1.tlog
C:\Users\Nick\Desktop\BO3 ZM Non-Host Menu\BlackOps3ZombieMenuNoHost\BlackOps3ZombieMenuNoHost\PS3_Debug\ps3ppuld.12956.write.1.tlog
C:\Users\Nick\Desktop\BO3 ZM Non-Host Menu\BlackOps3ZombieMenuNoHost\BlackOps3ZombieMenuNoHost\PS3_Debug\ps3ppuld.13048.read.1.tlog
C:\Users\Nick\Desktop\BO3 ZM Non-Host Menu\BlackOps3ZombieMenuNoHost\BlackOps3ZombieMenuNoHost\PS3_Debug\ps3ppuld.13048.write.1.tlog
C:\Users\Nick\Desktop\BO3 ZM Non-Host Menu\BlackOps3ZombieMenuNoHost\BlackOps3ZombieMenuNoHost\PS3_Debug\ps3ppuld.13052.read.1.tlog
C:\Users\Nick\Desktop\BO3 ZM Non-Host Menu\BlackOps3ZombieMenuNoHost\BlackOps3ZombieMenuNoHost\PS3_Debug\ps3ppuld.13052.write.1.tlog
C:\Users\Nick\Desktop\BO3 ZM Non-Host Menu\BlackOps3ZombieMenuNoHost\BlackOps3ZombieMenuNoHost\PS3_Debug\ps3ppuld.13144.read.1.tlog
C:\Users\Nick\Desktop\BO3 ZM Non-Host Menu\BlackOps3ZombieMenuNoHost\BlackOps3ZombieMenuNoHost\PS3_Debug\ps3ppuld.13144.write.1.tlog
C:\Users\Nick\Desktop\BO3 ZM Non-Host Menu\BlackOps3ZombieMenuNoHost\BlackOps3ZombieMenuNoHost\PS3_Debug\ps3ppuld.13160.read.1.tlog
C:\Users\Nick\Desktop\BO3 ZM Non-Host Menu\BlackOps3ZombieMenuNoHost\BlackOps3ZombieMenuNoHost\PS3_Debug\ps3ppuld.13160.write.1.tlog
C:\Users\Nick\Desktop\BO3 ZM Non-Host Menu\BlackOps3ZombieMenuNoHost\BlackOps3ZombieMenuNoHost\PS3_Debug\ps3ppuld.3336.read.1.tlog
C:\Users\Nick\Desktop\BO3 ZM Non-Host Menu\BlackOps3ZombieMenuNoHost\BlackOps3ZombieMenuNoHost\PS3_Debug\ps3ppuld.3336.write.1.tlog
C:\Users\Nick\Desktop\BO3 ZM Non-Host Menu\BlackOps3ZombieMenuNoHost\BlackOps3ZombieMenuNoHost\PS3_Debug\ps3ppuld.4668.read.1.tlog
C:\Users\Nick\Desktop\BO3 ZM Non-Host Menu\BlackOps3ZombieMenuNoHost\BlackOps3ZombieMenuNoHost\PS3_Debug\ps3ppuld.4668.write.1.tlog
C:\Users\Nick\Desktop\BO3 ZM Non-Host Menu\BlackOps3ZombieMenuNoHost\BlackOps3ZombieMenuNoHost\PS3_Debug\ps3ppuld.4716.read.1.tlog
C:\Users\Nick\Desktop\BO3 ZM Non-Host Menu\BlackOps3ZombieMenuNoHost\BlackOps3ZombieMenuNoHost\PS3_Debug\ps3ppuld.4716.write.1.tlog
C:\Users\Nick\Desktop\BO3 ZM Non-Host Menu\BlackOps3ZombieMenuNoHost\BlackOps3ZombieMenuNoHost\PS3_Debug\ps3ppuld.4796.read.1.tlog
C:\Users\Nick\Desktop\BO3 ZM Non-Host Menu\BlackOps3ZombieMenuNoHost\BlackOps3ZombieMenuNoHost\PS3_Debug\ps3ppuld.4796.write.1.tlog
C:\Users\Nick\Desktop\BO3 ZM Non-Host Menu\BlackOps3ZombieMenuNoHost\BlackOps3ZombieMenuNoHost\PS3_Debug\ps3ppuld.5236.read.1.tlog
C:\Users\Nick\Desktop\BO3 ZM Non-Host Menu\BlackOps3ZombieMenuNoHost\BlackOps3ZombieMenuNoHost\PS3_Debug\ps3ppuld.5236.write.1.tlog
C:\Users\Nick\Desktop\BO3 ZM Non-Host Menu\BlackOps3ZombieMenuNoHost\BlackOps3ZombieMenuNoHost\PS3_Debug\ps3ppuld.5852.read.1.tlog
C:\Users\Nick\Desktop\BO3 ZM Non-Host Menu\BlackOps3ZombieMenuNoHost\BlackOps3ZombieMenuNoHost\PS3_Debug\ps3ppuld.5852.write.1.tlog
C:\Users\Nick\Desktop\BO3 ZM Non-Host Menu\BlackOps3ZombieMenuNoHost\BlackOps3ZombieMenuNoHost\PS3_Debug\ps3ppuld.6196.read.1.tlog
C:\Users\Nick\Desktop\BO3 ZM Non-Host Menu\BlackOps3ZombieMenuNoHost\BlackOps3ZombieMenuNoHost\PS3_Debug\ps3ppuld.6196.write.1.tlog
C:\Users\Nick\Desktop\BO3 ZM Non-Host Menu\BlackOps3ZombieMenuNoHost\BlackOps3ZombieMenuNoHost\PS3_Debug\ps3ppuld.6312.read.1.tlog
C:\Users\Nick\Desktop\BO3 ZM Non-Host Menu\BlackOps3ZombieMenuNoHost\BlackOps3ZombieMenuNoHost\PS3_Debug\ps3ppuld.6312.write.1.tlog
C:\Users\Nick\Desktop\BO3 ZM Non-Host Menu\BlackOps3ZombieMenuNoHost\BlackOps3ZombieMenuNoHost\PS3_Debug\ps3ppuld.6492.read.1.tlog
C:\Users\Nick\Desktop\BO3 ZM Non-Host Menu\BlackOps3ZombieMenuNoHost\BlackOps3ZombieMenuNoHost\PS3_Debug\ps3ppuld.6492.write.1.tlog
C:\Users\Nick\Desktop\BO3 ZM Non-Host Menu\BlackOps3ZombieMenuNoHost\BlackOps3ZombieMenuNoHost\PS3_Debug\ps3ppuld.6628.read.1.tlog
C:\Users\Nick\Desktop\BO3 ZM Non-Host Menu\BlackOps3ZombieMenuNoHost\BlackOps3ZombieMenuNoHost\PS3_Debug\ps3ppuld.6628.write.1.tlog
C:\Users\Nick\Desktop\BO3 ZM Non-Host Menu\BlackOps3ZombieMenuNoHost\BlackOps3ZombieMenuNoHost\PS3_Debug\ps3ppuld.6792.read.1.tlog
C:\Users\Nick\Desktop\BO3 ZM Non-Host Menu\BlackOps3ZombieMenuNoHost\BlackOps3ZombieMenuNoHost\PS3_Debug\ps3ppuld.6792.write.1.tlog
C:\Users\Nick\Desktop\BO3 ZM Non-Host Menu\BlackOps3ZombieMenuNoHost\BlackOps3ZombieMenuNoHost\PS3_Debug\ps3ppuld.7032.read.1.tlog
C:\Users\Nick\Desktop\BO3 ZM Non-Host Menu\BlackOps3ZombieMenuNoHost\BlackOps3ZombieMenuNoHost\PS3_Debug\ps3ppuld.7032.write.1.tlog
C:\Users\Nick\Desktop\BO3 ZM Non-Host Menu\BlackOps3ZombieMenuNoHost\BlackOps3ZombieMenuNoHost\PS3_Debug\ps3ppuld.7464.read.1.tlog
C:\Users\Nick\Desktop\BO3 ZM Non-Host Menu\BlackOps3ZombieMenuNoHost\BlackOps3ZombieMenuNoHost\PS3_Debug\ps3ppuld.7464.write.1.tlog
C:\Users\Nick\Desktop\BO3 ZM Non-Host Menu\BlackOps3ZombieMenuNoHost\BlackOps3ZombieMenuNoHost\PS3_Debug\ps3ppuld.7656.read.1.tlog
C:\Users\Nick\Desktop\BO3 ZM Non-Host Menu\BlackOps3ZombieMenuNoHost\BlackOps3ZombieMenuNoHost\PS3_Debug\ps3ppuld.7656.write.1.tlog
C:\Users\Nick\Desktop\BO3 ZM Non-Host Menu\BlackOps3ZombieMenuNoHost\BlackOps3ZombieMenuNoHost\PS3_Debug\ps3ppuld.7664.read.1.tlog
C:\Users\Nick\Desktop\BO3 ZM Non-Host Menu\BlackOps3ZombieMenuNoHost\BlackOps3ZombieMenuNoHost\PS3_Debug\ps3ppuld.7664.write.1.tlog
C:\Users\Nick\Desktop\BO3 ZM Non-Host Menu\BlackOps3ZombieMenuNoHost\BlackOps3ZombieMenuNoHost\PS3_Debug\ps3ppuld.7896.read.1.tlog
C:\Users\Nick\Desktop\BO3 ZM Non-Host Menu\BlackOps3ZombieMenuNoHost\BlackOps3ZombieMenuNoHost\PS3_Debug\ps3ppuld.7896.write.1.tlog
C:\Users\Nick\Desktop\BO3 ZM Non-Host Menu\BlackOps3ZombieMenuNoHost\BlackOps3ZombieMenuNoHost\PS3_Debug\ps3ppuld.8560.read.1.tlog
C:\Users\Nick\Desktop\BO3 ZM Non-Host Menu\BlackOps3ZombieMenuNoHost\BlackOps3ZombieMenuNoHost\PS3_Debug\ps3ppuld.8560.write.1.tlog
C:\Users\Nick\Desktop\BO3 ZM Non-Host Menu\BlackOps3ZombieMenuNoHost\BlackOps3ZombieMenuNoHost\PS3_Debug\ps3ppuld.9184.read.1.tlog
C:\Users\Nick\Desktop\BO3 ZM Non-Host Menu\BlackOps3ZombieMenuNoHost\BlackOps3ZombieMenuNoHost\PS3_Debug\ps3ppuld.9184.write.1.tlog
C:\Users\Nick\Desktop\BO3 ZM Non-Host Menu\BlackOps3ZombieMenuNoHost\BlackOps3ZombieMenuNoHost\PS3_Debug\ps3ppuld.9552.read.1.tlog
C:\Users\Nick\Desktop\BO3 ZM Non-Host Menu\BlackOps3ZombieMenuNoHost\BlackOps3ZombieMenuNoHost\PS3_Debug\ps3ppuld.9552.write.1.tlog
C:\Users\Nick\Desktop\BO3 ZM Non-Host Menu\BlackOps3ZombieMenuNoHost\BlackOps3ZombieMenuNoHost\PS3_Debug\ps3ppuld.9904.read.1.tlog
C:\Users\Nick\Desktop\BO3 ZM Non-Host Menu\BlackOps3ZombieMenuNoHost\BlackOps3ZombieMenuNoHost\PS3_Debug\ps3ppuld.9904.write.1.tlog
C:\Users\Nick\Desktop\BO3 ZM Non-Host Menu\BlackOps3ZombieMenuNoHost\BlackOps3ZombieMenuNoHost\PS3_Debug\ps3ppuld.command.1.tlog
C:\Users\Nick\Desktop\BO3 ZM Non-Host Menu\BlackOps3ZombieMenuNoHost\BlackOps3ZombieMenuNoHost\PS3_Debug\ps3ppuld.read.1.tlog
C:\Users\Nick\Desktop\BO3 ZM Non-Host Menu\BlackOps3ZombieMenuNoHost\BlackOps3ZombieMenuNoHost\PS3_Debug\ps3ppuld.write.1.tlog
C:\Users\Nick\Desktop\BO3 ZM Non-Host Menu\BlackOps3ZombieMenuNoHost\BlackOps3ZombieMenuNoHost\PS3_Debug\ps3ppuld-make_fself.read.1.tlog
C:\Users\Nick\Desktop\BO3 ZM Non-Host Menu\BlackOps3ZombieMenuNoHost\BlackOps3ZombieMenuNoHost\PS3_Debug\ps3ppuld-make_fself.write.1.tlog
C:\Users\Nick\Desktop\BO3 ZM Non-Host Menu\BlackOps3ZombieMenuNoHost\BlackOps3ZombieMenuNoHost\PS3_Debug\ps3ppuld-ppu-lv2-as.read.1.tlog
C:\Users\Nick\Desktop\BO3 ZM Non-Host Menu\BlackOps3ZombieMenuNoHost\BlackOps3ZombieMenuNoHost\PS3_Debug\ps3ppuld-ppu-lv2-as.write.1.tlog
C:\Users\Nick\Desktop\BO3 ZM Non-Host Menu\BlackOps3ZombieMenuNoHost\BlackOps3ZombieMenuNoHost\PS3_Debug\ps3ppuld-ppu-lv2-prx-fixup.read.1.tlog
C:\Users\Nick\Desktop\BO3 ZM Non-Host Menu\BlackOps3ZombieMenuNoHost\BlackOps3ZombieMenuNoHost\PS3_Debug\ps3ppuld-ppu-lv2-prx-fixup.write.1.tlog
C:\Users\Nick\Desktop\BO3 ZM Non-Host Menu\BlackOps3ZombieMenuNoHost\BlackOps3ZombieMenuNoHost\PS3_Debug\ps3ppuld-ppu-lv2-prx-libgen.read.1.tlog
C:\Users\Nick\Desktop\BO3 ZM Non-Host Menu\BlackOps3ZombieMenuNoHost\BlackOps3ZombieMenuNoHost\PS3_Debug\ps3ppusnc.command.1.tlog
C:\Users\Nick\Desktop\BO3 ZM Non-Host Menu\BlackOps3ZombieMenuNoHost\BlackOps3ZombieMenuNoHost\PS3_Debug\ps3ppusnc.read.1.tlog
C:\Users\Nick\Desktop\BO3 ZM Non-Host Menu\BlackOps3ZombieMenuNoHost\BlackOps3ZombieMenuNoHost\PS3_Debug\ps3ppusnc.write.1.tlog
C:\USERS\NICK\DESKTOP\BO3 ZM NON-HOST MENU\BLACKOPS3ZOMBIEMENUNOHOST\BLACKOPS3ZOMBIEMENUNOHOST\PS3_DEBUG\STDAFX.O
C:\USERS\NICK\DESKTOP\BO3 ZM NON-HOST MENU\BLACKOPS3ZOMBIEMENUNOHOST\PS3_DEBUG\BLACKOPS3ZOMBIEMENUNOHOST.SPRX
C:\Users\Nick\Desktop\BO3 ZM Non-Host Menu\BlackOps3ZombieMenuNoHost\PS3_Debug\cellPrx_BlackOps3ZombieMenuNoHost_stub.a
