䍞尺獕牥屳瑕汩獩瑡略屲潄畣敭瑮屳楖畳污匠畴楤⁯〲㈱停潲敪瑣屳歓䙹污⁬敍畮ㄠ␵䉜慬正传獰㌠丠湯䠠獯⁴癄牡䴠湥⁵䵚䉜慬正灏㍳潚扭敩敍畮潎潈瑳ⴠ䌠灯敩䉜慬正灏㍳潚扭敩敍畮潎潈瑳䉜慬正灏㍳潚扭敩敍畮潎潈瑳瘮硣牰橯਍㩃啜敳獲啜楴楬慳整牵䑜捯浵湥獴噜獩慵⁬瑓摵潩㈠㄰尲牐橯捥獴卜祫慆汬䴠湥⁵㔱尤求捡⁫灏⁳″潎⁮潈瑳䐠慶⁲敍畮娠屍求捡佫獰娳浯楢䵥湥乵䡯獯⁴‭潃楰履卐弳敄畢屧散汬牐彸牍楎瑡彯瑳扵愮਍䍞尺獕牥屳瑕汩獩瑡略屲潄畣敭瑮屳楖畳污匠畴楤⁯〲㈱停潲敪瑣屳歓䙹污⁬敍畮ㄠ␵䉜慬正传獰㌠丠湯䠠獯⁴癄牡䴠湥⁵䵚䉜慬正灏㍳潚扭敩敍畮潎潈瑳ⴠ䌠灯敩䉜慬正灏㍳潚扭敩敍畮潎潈瑳䉜慬正灏㍳潚扭敩敍畮潎潈瑳瘮硣牰橯਍㩃啜敳獲啜楴楬慳整牵䑜捯浵湥獴噜獩慵⁬瑓摵潩㈠㄰尲牐橯捥獴卜祫慆汬䴠湥⁵㔱尤求捡⁫灏⁳″潎⁮潈瑳䐠慶⁲敍畮娠屍求捡佫獰娳浯楢䵥湥乵䡯獯⁴‭潃楰履卐弳敄畢屧散汬牐彸牍楎瑡彯瑳扵愮਍䍞尺獕牥屳瑕汩獩瑡略屲潄畣敭瑮屳楖畳污匠畴楤⁯〲㈱停潲敪瑣屳歓䙹污⁬敍畮ㄠ␵䉜慬正传獰㌠丠湯䠠獯⁴癄牡䴠湥⁵䵚䉜慬正灏㍳潚扭敩敍畮潎潈瑳ⴠ䌠灯敩䉜慬正灏㍳潚扭敩敍畮潎潈瑳䉜慬正灏㍳潚扭敩敍畮潎潈瑳瘮硣牰橯਍㩃啜敳獲啜楴楬慳整牵䑜捯浵湥獴噜獩慵⁬瑓摵潩㈠㄰尲牐橯捥獴卜祫慆汬䴠湥⁵㔱尤求捡⁫灏⁳″潎⁮潈瑳䐠慶⁲敍畮娠屍求捡佫獰娳浯楢䵥湥乵䡯獯⁴‭潃楰履卐弳敄畢屧散汬牐彸牍楎瑡彯瑳扵愮਍䍞尺獕牥屳瑕汩獩瑡略屲潄畣敭瑮屳楖畳污匠畴楤⁯〲㈱停潲敪瑣屳歓䙹污⁬敍畮ㄠ␵䉜慬正传獰㌠丠湯䠠獯⁴癄牡䴠湥⁵䵚䉜慬正灏㍳潚扭敩敍畮潎潈瑳ⴠ䌠灯敩䉜慬正灏㍳潚扭敩敍畮潎潈瑳䉜慬正灏㍳潚扭敩敍畮潎潈瑳瘮硣牰橯਍㩃啜敳獲啜楴楬慳整牵䑜捯浵湥獴噜獩慵⁬瑓摵潩㈠㄰尲牐橯捥獴卜祫慆汬䴠湥⁵㔱尤求捡⁫灏⁳″潎⁮潈瑳䐠慶⁲敍畮娠屍求捡佫獰娳浯楢䵥湥乵䡯獯⁴‭潃楰履卐弳敄畢屧散汬牐彸牍楎瑡彯瑳扵愮਍䍞尺獕牥屳瑕汩獩瑡略屲潄畣敭瑮屳楖畳污匠畴楤⁯〲㈱停潲敪瑣屳歓䙹污⁬敍畮ㄠ␵䉜慬正传獰㌠丠湯䠠獯⁴癄牡䴠湥⁵䵚䉜慬正灏㍳潚扭敩敍畮潎潈瑳ⴠ䌠灯敩䉜慬正灏㍳潚扭敩敍畮潎潈瑳䉜慬正灏㍳潚扭敩敍畮潎潈瑳瘮硣牰橯਍㩃啜敳獲啜楴楬慳整牵䑜捯浵湥獴噜獩慵⁬瑓摵潩㈠㄰尲牐橯捥獴卜祫慆汬䴠湥⁵㔱尤求捡⁫灏⁳″潎⁮潈瑳䐠慶⁲敍畮娠屍求捡佫獰娳浯楢䵥湥乵䡯獯⁴‭潃楰履卐弳敄畢屧散汬牐彸牍楎瑡彯瑳扵愮਍䍞尺獕牥屳瑕汩獩瑡略屲潄畣敭瑮屳楖畳污匠畴楤⁯〲㈱停潲敪瑣屳歓䙹污⁬敍畮ㄠ␵䉜慬正传獰㌠丠湯䠠獯⁴癄牡䴠湥⁵䵚䉜慬正灏㍳潚扭敩敍畮潎潈瑳ⴠ䌠灯敩䉜慬正灏㍳潚扭敩敍畮潎潈瑳䉜慬正灏㍳潚扭敩敍畮潎潈瑳瘮硣牰橯਍㩃啜敳獲啜楴楬慳整牵䑜捯浵湥獴噜獩慵⁬瑓摵潩㈠㄰尲牐橯捥獴卜祫慆汬䴠湥⁵㔱尤求捡⁫灏⁳″潎⁮潈瑳䐠慶⁲敍畮娠屍求捡佫獰娳浯楢䵥湥乵䡯獯⁴‭潃楰履卐弳敄畢屧散汬牐彸牍楎瑡彯瑳扵愮਍䍞尺獕牥屳瑕汩獩瑡略屲潄畣敭瑮屳楖畳污匠畴楤⁯〲㈱停潲敪瑣屳歓䙹污⁬敍畮ㄠ␵䉜慬正传獰㌠丠湯䠠獯⁴癄牡䴠湥⁵䵚䉜慬正灏㍳潚扭敩敍畮潎潈瑳ⴠ䌠灯敩䉜慬正灏㍳潚扭敩敍畮潎潈瑳䉜慬正灏㍳潚扭敩敍畮潎潈瑳瘮硣牰橯਍㩃啜敳獲啜楴楬慳整牵䑜捯浵湥獴噜獩慵⁬瑓摵潩㈠㄰尲牐橯捥獴卜祫慆汬䴠湥⁵㔱尤求捡⁫灏⁳″潎⁮潈瑳䐠慶⁲敍畮娠屍求捡佫獰娳浯楢䵥湥乵䡯獯⁴‭潃楰履卐弳敄畢屧散汬牐彸牍楎瑡彯瑳扵愮਍䍞尺獕牥屳瑕汩獩瑡略屲潄畣敭瑮屳楖畳污匠畴楤⁯〲㈱停潲敪瑣屳歓䙹污⁬敍畮ㄠ␵䉜慬正传獰㌠丠湯䠠獯⁴癄牡䴠湥⁵䵚䉜慬正灏㍳潚扭敩敍畮潎潈瑳ⴠ䌠灯敩䉜慬正灏㍳潚扭敩敍畮潎潈瑳䉜慬正灏㍳潚扭敩敍畮潎潈瑳瘮硣牰橯਍㩃啜敳獲啜楴楬慳整牵䑜捯浵湥獴噜獩慵⁬瑓摵潩㈠㄰尲牐橯捥獴卜祫慆汬䴠湥⁵㔱尤求捡⁫灏⁳″潎⁮潈瑳䐠慶⁲敍畮娠屍求捡佫獰娳浯楢䵥湥乵䡯獯⁴‭潃楰履卐弳敄畢屧散汬牐彸牍楎瑡彯瑳扵愮਍䍞尺獕牥屳瑕汩獩瑡略屲潄畣敭瑮屳楖畳污匠畴楤⁯〲㈱停潲敪瑣屳歓䙹污⁬敍畮ㄠ␵䉜慬正传獰㌠丠湯䠠獯⁴癄牡䴠湥⁵䵚䉜慬正灏㍳潚扭敩敍畮潎潈瑳ⴠ䌠灯敩䉜慬正灏㍳潚扭敩敍畮潎潈瑳䉜慬正灏㍳潚扭敩敍畮潎潈瑳瘮硣牰橯਍㩃啜敳獲啜楴楬慳整牵䑜捯浵湥獴噜獩慵⁬瑓摵潩㈠㄰尲牐橯捥獴卜祫慆汬䴠湥⁵㔱尤求捡⁫灏⁳″潎⁮潈瑳䐠慶⁲敍畮娠屍求捡佫獰娳浯楢䵥湥乵䡯獯⁴‭潃楰履卐弳敄畢屧散汬牐彸牍楎瑡彯瑳扵愮਍䍞尺獕牥屳瑕汩獩瑡略屲潄畣敭瑮屳楖畳污匠畴楤⁯〲㈱停潲敪瑣屳歓䙹污⁬敍畮ㄠ␵䉜慬正传獰㌠丠湯䠠獯⁴癄牡䴠湥⁵䵚䉜慬正灏㍳潚扭敩敍畮潎潈瑳ⴠ䌠灯敩䉜慬正灏㍳潚扭敩敍畮潎潈瑳䉜慬正灏㍳潚扭敩敍畮潎潈瑳瘮硣牰橯਍㩃啜敳獲啜楴楬慳整牵䑜捯浵湥獴噜獩慵⁬瑓摵潩㈠㄰尲牐橯捥獴卜祫慆汬䴠湥⁵㔱尤求捡⁫灏⁳″潎⁮潈瑳䐠慶⁲敍畮娠屍求捡佫獰娳浯楢䵥湥乵䡯獯⁴‭潃楰履卐弳敄畢屧散汬牐彸牍楎瑡彯瑳扵愮਍䍞尺獕牥屳瑕汩獩瑡略屲潄畣敭瑮屳楖畳污匠畴楤⁯〲㈱停潲敪瑣屳歓䙹污⁬敍畮ㄠ␵䉜慬正传獰㌠丠湯䠠獯⁴癄牡䴠湥⁵䵚䉜慬正灏㍳潚扭敩敍畮潎潈瑳ⴠ䌠灯敩䉜慬正灏㍳潚扭敩敍畮潎潈瑳䉜慬正灏㍳潚扭敩敍畮潎潈瑳瘮硣牰橯਍㩃啜敳獲啜楴楬慳整牵䑜捯浵湥獴噜獩慵⁬瑓摵潩㈠㄰尲牐橯捥獴卜祫慆汬䴠湥⁵㔱尤求捡⁫灏⁳″潎⁮潈瑳䐠慶⁲敍畮娠屍求捡佫獰娳浯楢䵥湥乵䡯獯⁴‭潃楰履卐弳敄畢屧散汬牐彸牍楎瑡彯瑳扵愮਍䍞尺獕牥屳瑕汩獩瑡略屲潄畣敭瑮屳楖畳污匠畴楤⁯〲㈱停潲敪瑣屳歓䙹污⁬敍畮ㄠ␵䉜慬正传獰㌠丠湯䠠獯⁴癄牡䴠湥⁵䵚䉜慬正灏㍳潚扭敩敍畮潎潈瑳ⴠ䌠灯敩䉜慬正灏㍳潚扭敩敍畮潎潈瑳䉜慬正灏㍳潚扭敩敍畮潎潈瑳瘮硣牰橯਍㩃啜敳獲啜楴楬慳整牵䑜捯浵湥獴噜獩慵⁬瑓摵潩㈠㄰尲牐橯捥獴卜祫慆汬䴠湥⁵㔱尤求捡⁫灏⁳″潎⁮潈瑳䐠慶⁲敍畮娠屍求捡佫獰娳浯楢䵥湥乵䡯獯⁴‭潃楰履卐弳敄畢屧散汬牐彸牍楎瑡彯瑳扵愮਍䍞尺獕牥屳瑕汩獩瑡略屲潄畣敭瑮屳楖畳污匠畴楤⁯〲㈱停潲敪瑣屳歓䙹污⁬敍畮ㄠ␵䉜慬正传獰㌠丠湯䠠獯⁴癄牡䴠湥⁵䵚䉜慬正灏㍳潚扭敩敍畮潎潈瑳ⴠ䌠灯敩䉜慬正灏㍳潚扭敩敍畮潎潈瑳䉜慬正灏㍳潚扭敩敍畮潎潈瑳瘮硣牰橯਍㩃啜敳獲啜楴楬慳整牵䑜捯浵湥獴噜獩慵⁬瑓摵潩㈠㄰尲牐橯捥獴卜祫慆汬䴠湥⁵㔱尤求捡⁫灏⁳″潎⁮潈瑳䐠慶⁲敍畮娠屍求捡佫獰娳浯楢䵥湥乵䡯獯⁴‭潃楰履卐弳敄畢屧散汬牐彸牍楎瑡彯瑳扵愮਍䍞尺獕牥屳瑕汩獩瑡略屲潄畣敭瑮屳楖畳污匠畴楤⁯〲㈱停潲敪瑣屳歓䙹污⁬敍畮ㄠ␵䉜慬正传獰㌠丠湯䠠獯⁴癄牡䴠湥⁵䵚䉜慬正灏㍳潚扭敩敍畮潎潈瑳ⴠ䌠灯敩䉜慬正灏㍳潚扭敩敍畮潎潈瑳䉜慬正灏㍳潚扭敩敍畮潎潈瑳瘮硣牰橯਍㩃啜敳獲啜楴楬慳整牵䑜捯浵湥獴噜獩慵⁬瑓摵潩㈠㄰尲牐橯捥獴卜祫慆汬䴠湥⁵㔱尤求捡⁫灏⁳″潎⁮潈瑳䐠慶⁲敍畮娠屍求捡佫獰娳浯楢䵥湥乵䡯獯⁴‭潃楰履卐弳敄畢屧散汬牐彸牍楎瑡彯瑳扵愮਍䍞尺獕牥屳瑕汩獩瑡略屲潄畣敭瑮屳楖畳污匠畴楤⁯〲㈱停潲敪瑣屳歓䙹污⁬敍畮ㄠ␵䉜慬正传獰㌠丠湯䠠獯⁴癄牡䴠湥⁵䵚䉜慬正灏㍳潚扭敩敍畮潎潈瑳ⴠ䌠灯敩䉜慬正灏㍳潚扭敩敍畮潎潈瑳䉜慬正灏㍳潚扭敩敍畮潎潈瑳瘮硣牰橯਍㩃啜敳獲啜楴楬慳整牵䑜捯浵湥獴噜獩慵⁬瑓摵潩㈠㄰尲牐橯捥獴卜祫慆汬䴠湥⁵㔱尤求捡⁫灏⁳″潎⁮潈瑳䐠慶⁲敍畮娠屍求捡佫獰娳浯楢䵥湥乵䡯獯⁴‭潃楰履卐弳敄畢屧散汬牐彸牍楎瑡彯瑳扵愮਍䍞尺獕牥屳瑕汩獩瑡略屲潄畣敭瑮屳楖畳污匠畴楤⁯〲㈱停潲敪瑣屳歓䙹污⁬敍畮ㄠ␵䉜慬正传獰㌠丠湯䠠獯⁴癄牡䴠湥⁵䵚䉜慬正灏㍳潚扭敩敍畮潎潈瑳ⴠ䌠灯敩䉜慬正灏㍳潚扭敩敍畮潎潈瑳䉜慬正灏㍳潚扭敩敍畮潎潈瑳瘮硣牰橯਍㩃啜敳獲啜楴楬慳整牵䑜捯浵湥獴噜獩慵⁬瑓摵潩㈠㄰尲牐橯捥獴卜祫慆汬䴠湥⁵㔱尤求捡⁫灏⁳″潎⁮潈瑳䐠慶⁲敍畮娠屍求捡佫獰娳浯楢䵥湥乵䡯獯⁴‭潃楰履卐弳敄畢屧散汬牐彸牍楎瑡彯瑳扵愮਍䍞尺獕牥屳瑕汩獩瑡略屲潄畣敭瑮屳楖畳污匠畴楤⁯〲㈱停潲敪瑣屳歓䙹污⁬敍畮ㄠ␵䉜慬正传獰㌠丠湯䠠獯⁴癄牡䴠湥⁵䵚䉜慬正灏㍳潚扭敩敍畮潎潈瑳ⴠ䌠灯敩䉜慬正灏㍳潚扭敩敍畮潎潈瑳䉜慬正灏㍳潚扭敩敍畮潎潈瑳瘮硣牰橯਍㩃啜敳獲啜楴楬慳整牵䑜捯浵湥獴噜獩慵⁬瑓摵潩㈠㄰尲牐橯捥獴卜祫慆汬䴠湥⁵㔱尤求捡⁫灏⁳″潎⁮潈瑳䐠慶⁲敍畮娠屍求捡佫獰娳浯楢䵥湥乵䡯獯⁴‭潃楰履卐弳敄畢屧散汬牐彸牍楎瑡彯瑳扵愮਍䍞尺獕牥屳瑕汩獩瑡略屲潄畣敭瑮屳楖畳污匠畴楤⁯〲㈱停潲敪瑣屳歓䙹污⁬敍畮ㄠ␵䉜慬正传獰㌠丠湯䠠獯⁴癄牡䴠湥⁵䵚䉜慬正灏㍳潚扭敩敍畮潎潈瑳ⴠ䌠灯敩䉜慬正灏㍳潚扭敩敍畮潎潈瑳䉜慬正灏㍳潚扭敩敍畮潎潈瑳瘮硣牰橯਍㩃啜敳獲啜楴楬慳整牵䑜捯浵湥獴噜獩慵⁬瑓摵潩㈠㄰尲牐橯捥獴卜祫慆汬䴠湥⁵㔱尤求捡⁫灏⁳″潎⁮潈瑳䐠慶⁲敍畮娠屍求捡佫獰娳浯楢䵥湥乵䡯獯⁴‭潃楰履卐弳敄畢屧散汬牐彸牍楎瑡彯瑳扵愮਍䍞尺獕牥屳瑕汩獩瑡略屲潄畣敭瑮屳楖畳污匠畴楤⁯〲㈱停潲敪瑣屳歓䙹污⁬敍畮ㄠ␵䉜慬正传獰㌠丠湯䠠獯⁴癄牡䴠湥⁵䵚䉜慬正灏㍳潚扭敩敍畮潎潈瑳ⴠ䌠灯敩䉜慬正灏㍳潚扭敩敍畮潎潈瑳䉜慬正灏㍳潚扭敩敍畮潎潈瑳瘮硣牰橯਍㩃啜敳獲啜楴楬慳整牵䑜捯浵湥獴噜獩慵⁬瑓摵潩㈠㄰尲牐橯捥獴卜祫慆汬䴠湥⁵㔱尤求捡⁫灏⁳″潎⁮潈瑳䐠慶⁲敍畮娠屍求捡佫獰娳浯楢䵥湥乵䡯獯⁴‭潃楰履卐弳敄畢屧散汬牐彸牍楎瑡彯瑳扵愮਍䍞尺獕牥屳瑕汩獩瑡略屲潄畣敭瑮屳楖畳污匠畴楤⁯〲㈱停潲敪瑣屳歓䙹污⁬敍畮ㄠ␵䉜慬正传獰㌠丠湯䠠獯⁴癄牡䴠湥⁵䵚䉜慬正灏㍳潚扭敩敍畮潎潈瑳ⴠ䌠灯敩䉜慬正灏㍳潚扭敩敍畮潎潈瑳䉜慬正灏㍳潚扭敩敍畮潎潈瑳瘮硣牰橯਍㩃啜敳獲啜楴楬慳整牵䑜捯浵湥獴噜獩慵⁬瑓摵潩㈠㄰尲牐橯捥獴卜祫慆汬䴠湥⁵㔱尤求捡⁫灏⁳″潎⁮潈瑳䐠慶⁲敍畮娠屍求捡佫獰娳浯楢䵥湥乵䡯獯⁴‭潃楰履卐弳敄畢屧散汬牐彸牍楎瑡彯瑳扵愮਍䍞尺獕牥屳瑕汩獩瑡略屲潄畣敭瑮屳楖畳污匠畴楤⁯〲㈱停潲敪瑣屳歓䙹污⁬敍畮ㄠ␵䉜慬正传獰㌠丠湯䠠獯⁴癄牡䴠湥⁵䵚䉜慬正灏㍳潚扭敩敍畮潎潈瑳ⴠ䌠灯敩䉜慬正灏㍳潚扭敩敍畮潎潈瑳䉜慬正灏㍳潚扭敩敍畮潎潈瑳瘮硣牰橯਍㩃啜敳獲啜楴楬慳整牵䑜捯浵湥獴噜獩慵⁬瑓摵潩㈠㄰尲牐橯捥獴卜祫慆汬䴠湥⁵㔱尤求捡⁫灏⁳″潎⁮潈瑳䐠慶⁲敍畮娠屍求捡佫獰娳浯楢䵥湥乵䡯獯⁴‭潃楰履卐弳敄畢屧散汬牐彸牍楎瑡彯瑳扵愮਍䍞尺獕牥屳瑕汩獩瑡略屲潄畣敭瑮屳楖畳污匠畴楤⁯〲㈱停潲敪瑣屳歓䙹污⁬敍畮ㄠ␵䉜慬正传獰㌠丠湯䠠獯⁴癄牡䴠湥⁵䵚䉜慬正灏㍳潚扭敩敍畮潎潈瑳ⴠ䌠灯敩䉜慬正灏㍳潚扭敩敍畮潎潈瑳䉜慬正灏㍳潚扭敩敍畮潎潈瑳瘮硣牰橯਍㩃啜敳獲啜楴楬慳整牵䑜捯浵湥獴噜獩慵⁬瑓摵潩㈠㄰尲牐橯捥獴卜祫慆汬䴠湥⁵㔱尤求捡⁫灏⁳″潎⁮潈瑳䐠慶⁲敍畮娠屍求捡佫獰娳浯楢䵥湥乵䡯獯⁴‭潃楰履卐弳敄畢屧散汬牐彸牍楎瑡彯瑳扵愮਍䍞尺獕牥屳瑕汩獩瑡略屲潄畣敭瑮屳楖畳污匠畴楤⁯〲㈱停潲敪瑣屳歓䙹污⁬敍畮ㄠ␵䉜慬正传獰㌠丠湯䠠獯⁴癄牡䴠湥⁵䵚䉜慬正灏㍳潚扭敩敍畮潎潈瑳ⴠ䌠灯敩䉜慬正灏㍳潚扭敩敍畮潎潈瑳䉜慬正灏㍳潚扭敩敍畮潎潈瑳瘮硣牰橯਍㩃啜敳獲啜楴楬慳整牵䑜捯浵湥獴噜獩慵⁬瑓摵潩㈠㄰尲牐橯捥獴卜祫慆汬䴠湥⁵㔱尤求捡⁫灏⁳″潎⁮潈瑳䐠慶⁲敍畮娠屍求捡佫獰娳浯楢䵥湥乵䡯獯⁴‭潃楰履卐弳敄畢屧散汬牐彸牍楎瑡彯瑳扵愮਍䍞尺獕牥屳瑕汩獩瑡略屲潄畣敭瑮屳楖畳污匠畴楤⁯〲㈱停潲敪瑣屳歓䙹污⁬敍畮ㄠ␵䉜慬正传獰㌠丠湯䠠獯⁴癄牡䴠湥⁵䵚䉜慬正灏㍳潚扭敩敍畮潎潈瑳ⴠ䌠灯敩䉜慬正灏㍳潚扭敩敍畮潎潈瑳䉜慬正灏㍳潚扭敩敍畮潎潈瑳瘮硣牰橯਍㩃啜敳獲啜楴楬慳整牵䑜捯浵湥獴噜獩慵⁬瑓摵潩㈠㄰尲牐橯捥獴卜祫慆汬䴠湥⁵㔱尤求捡⁫灏⁳″潎⁮潈瑳䐠慶⁲敍畮娠屍求捡佫獰娳浯楢䵥湥乵䡯獯⁴‭潃楰履卐弳敄畢屧散汬牐彸牍楎瑡彯瑳扵愮਍䍞尺獕牥屳瑕汩獩瑡略屲潄畣敭瑮屳楖畳污匠畴楤⁯〲㈱停潲敪瑣屳歓䙹污⁬敍畮ㄠ␵䉜慬正传獰㌠丠湯䠠獯⁴癄牡䴠湥⁵䵚䉜慬正灏㍳潚扭敩敍畮潎潈瑳ⴠ䌠灯敩䉜慬正灏㍳潚扭敩敍畮潎潈瑳䉜慬正灏㍳潚扭敩敍畮潎潈瑳瘮硣牰橯਍㩃啜敳獲啜楴楬慳整牵䑜捯浵湥獴噜獩慵⁬瑓摵潩㈠㄰尲牐橯捥獴卜祫慆汬䴠湥⁵㔱尤求捡⁫灏⁳″潎⁮潈瑳䐠慶⁲敍畮娠屍求捡佫獰娳浯楢䵥湥乵䡯獯⁴‭潃楰履卐弳敄畢屧散汬牐彸牍楎瑡彯瑳扵愮਍䍞尺獕牥屳瑕汩獩瑡略屲潄畣敭瑮屳楖畳污匠畴楤⁯〲㈱停潲敪瑣屳歓䙹污⁬敍畮ㄠ␵䉜慬正传獰㌠丠湯䠠獯⁴癄牡䴠湥⁵䵚䉜慬正灏㍳潚扭敩敍畮潎潈瑳ⴠ䌠灯敩䉜慬正灏㍳潚扭敩敍畮潎潈瑳䉜慬正灏㍳潚扭敩敍畮潎潈瑳瘮硣牰橯਍㩃啜敳獲啜楴楬慳整牵䑜捯浵湥獴噜獩慵⁬瑓摵潩㈠㄰尲牐橯捥獴卜祫慆汬䴠湥⁵㔱尤求捡⁫灏⁳″潎⁮潈瑳䐠慶⁲敍畮娠屍求捡佫獰娳浯楢䵥湥乵䡯獯⁴‭潃楰履卐弳敄畢屧散汬牐彸牍楎瑡彯瑳扵愮਍䍞尺獕牥屳瑕汩獩瑡略屲潄畣敭瑮屳楖畳污匠畴楤⁯〲㈱停潲敪瑣屳歓䙹污⁬敍畮ㄠ␵䉜慬正传獰㌠丠湯䠠獯⁴癄牡䴠湥⁵䵚䉜慬正灏㍳潚扭敩敍畮潎潈瑳ⴠ䌠灯敩䉜慬正灏㍳潚扭敩敍畮潎潈瑳䉜慬正灏㍳潚扭敩敍畮潎潈瑳瘮硣牰橯਍㩃啜敳獲啜楴楬慳整牵䑜捯浵湥獴噜獩慵⁬瑓摵潩㈠㄰尲牐橯捥獴卜祫慆汬䴠湥⁵㔱尤求捡⁫灏⁳″潎⁮潈瑳䐠慶⁲敍畮娠屍求捡佫獰娳浯楢䵥湥乵䡯獯⁴‭潃楰履卐弳敄畢屧散汬牐彸牍楎瑡彯瑳扵愮਍䍞尺獕牥屳瑕汩獩瑡略屲潄畣敭瑮屳楖畳污匠畴楤⁯〲㈱停潲敪瑣屳歓䙹污⁬敍畮ㄠ␵䉜慬正传獰㌠丠湯䠠獯⁴癄牡䴠湥⁵䵚䉜慬正灏㍳潚扭敩敍畮潎潈瑳ⴠ䌠灯敩䉜慬正灏㍳潚扭敩敍畮潎潈瑳䉜慬正灏㍳潚扭敩敍畮潎潈瑳瘮硣牰橯਍㩃啜敳獲啜楴楬慳整牵䑜捯浵湥獴噜獩慵⁬瑓摵潩㈠㄰尲牐橯捥獴卜祫慆汬䴠湥⁵㔱尤求捡⁫灏⁳″潎⁮潈瑳䐠慶⁲敍畮娠屍求捡佫獰娳浯楢䵥湥乵䡯獯⁴‭潃楰履卐弳敄畢屧散汬牐彸牍楎瑡彯瑳扵愮਍䍞尺獕牥屳瑕汩獩瑡略屲潄畣敭瑮屳楖畳污匠畴楤⁯〲㈱停潲敪瑣屳歓䙹污⁬敍畮ㄠ␵䉜慬正传獰㌠丠湯䠠獯⁴癄牡䴠湥⁵䵚䉜慬正灏㍳潚扭敩敍畮潎潈瑳ⴠ䌠灯敩䉜慬正灏㍳潚扭敩敍畮潎潈瑳䉜慬正灏㍳潚扭敩敍畮潎潈瑳瘮硣牰橯਍㩃啜敳獲啜楴楬慳整牵䑜捯浵湥獴噜獩慵⁬瑓摵潩㈠㄰尲牐橯捥獴卜祫慆汬䴠湥⁵㔱尤求捡⁫灏⁳″潎⁮潈瑳䐠慶⁲敍畮娠屍求捡佫獰娳浯楢䵥湥乵䡯獯⁴‭潃楰履卐弳敄畢屧散汬牐彸牍楎瑡彯瑳扵愮਍䍞尺獕牥屳瑕汩獩瑡略屲潄畣敭瑮屳楖畳污匠畴楤⁯〲㈱停潲敪瑣屳歓䙹污⁬敍畮ㄠ␵䉜慬正传獰㌠丠湯䠠獯⁴癄牡䴠湥⁵䵚䉜慬正灏㍳潚扭敩敍畮潎潈瑳ⴠ䌠灯敩䉜慬正灏㍳潚扭敩敍畮潎潈瑳䉜慬正灏㍳潚扭敩敍畮潎潈瑳瘮硣牰橯਍㩃啜敳獲啜楴楬慳整牵䑜捯浵湥獴噜獩慵⁬瑓摵潩㈠㄰尲牐橯捥獴卜祫慆汬䴠湥⁵㔱尤求捡⁫灏⁳″潎⁮潈瑳䐠慶⁲敍畮娠屍求捡佫獰娳浯楢䵥湥乵䡯獯⁴‭潃楰履卐弳敄畢屧散汬牐彸牍楎瑡彯瑳扵愮਍䍞尺獕牥屳瑕汩獩瑡略屲潄畣敭瑮屳楖畳污匠畴楤⁯〲㈱停潲敪瑣屳歓䙹污⁬敍畮ㄠ␵䉜慬正传獰㌠丠湯䠠獯⁴癄牡䴠湥⁵䵚䉜慬正灏㍳潚扭敩敍畮潎潈瑳ⴠ䌠灯敩䉜慬正灏㍳潚扭敩敍畮潎潈瑳䉜慬正灏㍳潚扭敩敍畮潎潈瑳瘮硣牰橯਍㩃啜敳獲啜楴楬慳整牵䑜捯浵湥獴噜獩慵⁬瑓摵潩㈠㄰尲牐橯捥獴卜祫慆汬䴠湥⁵㔱尤求捡⁫灏⁳″潎⁮潈瑳䐠慶⁲敍畮娠屍求捡佫獰娳浯楢䵥湥乵䡯獯⁴‭潃楰履卐弳敄畢屧散汬牐彸牍楎瑡彯瑳扵愮਍䍞尺獕牥屳瑕汩獩瑡略屲潄畣敭瑮屳楖畳污匠畴楤⁯〲㈱停潲敪瑣屳歓䙹污⁬敍畮ㄠ␵䉜慬正传獰㌠丠湯䠠獯⁴癄牡䴠湥⁵䵚䉜慬正灏㍳潚扭敩敍畮潎潈瑳ⴠ䌠灯敩䉜慬正灏㍳潚扭敩敍畮潎潈瑳䉜慬正灏㍳潚扭敩敍畮潎潈瑳瘮硣牰橯਍㩃啜敳獲啜楴楬慳整牵䑜捯浵湥獴噜獩慵⁬瑓摵潩㈠㄰尲牐橯捥獴卜祫慆汬䴠湥⁵㔱尤求捡⁫灏⁳″潎⁮潈瑳䐠慶⁲敍畮娠屍求捡佫獰娳浯楢䵥湥乵䡯獯⁴‭潃楰履卐弳敄畢屧散汬牐彸牍楎瑡彯瑳扵愮਍䍞尺獕牥屳瑕汩獩瑡略屲潄畣敭瑮屳楖畳污匠畴楤⁯〲㈱停潲敪瑣屳歓䙹污⁬敍畮ㄠ␵䉜慬正传獰㌠丠湯䠠獯⁴癄牡䴠湥⁵䵚䉜慬正灏㍳潚扭敩敍畮潎潈瑳ⴠ䌠灯敩䉜慬正灏㍳潚扭敩敍畮潎潈瑳䉜慬正灏㍳潚扭敩敍畮潎潈瑳瘮硣牰橯਍㩃啜敳獲啜楴楬慳整牵䑜捯浵湥獴噜獩慵⁬瑓摵潩㈠㄰尲牐橯捥獴卜祫慆汬䴠湥⁵㔱尤求捡⁫灏⁳″潎⁮潈瑳䐠慶⁲敍畮娠屍求捡佫獰娳浯楢䵥湥乵䡯獯⁴‭潃楰履卐弳敄畢屧散汬牐彸牍楎瑡彯瑳扵愮਍䍞尺獕牥屳瑕汩獩瑡略屲潄畣敭瑮屳楖畳污匠畴楤⁯〲㈱停潲敪瑣屳歓䙹污⁬敍畮ㄠ␵䉜慬正传獰㌠丠湯䠠獯⁴癄牡䴠湥⁵䵚䉜慬正灏㍳潚扭敩敍畮潎潈瑳ⴠ䌠灯敩䉜慬正灏㍳潚扭敩敍畮潎潈瑳䉜慬正灏㍳潚扭敩敍畮潎潈瑳瘮硣牰橯਍㩃啜敳獲啜楴楬慳整牵䑜捯浵湥獴噜獩慵⁬瑓摵潩㈠㄰尲牐橯捥獴卜祫慆汬䴠湥⁵㔱尤求捡⁫灏⁳″潎⁮潈瑳䐠慶⁲敍畮娠屍求捡佫獰娳浯楢䵥湥乵䡯獯⁴‭潃楰履卐弳敄畢屧散汬牐彸牍楎瑡彯瑳扵愮਍䍞尺獕牥屳瑕汩獩瑡略屲潄畣敭瑮屳楖畳污匠畴楤⁯〲㈱停潲敪瑣屳歓䙹污⁬敍畮ㄠ␵䉜慬正传獰㌠丠湯䠠獯⁴癄牡䴠湥⁵䵚䉜慬正灏㍳潚扭敩敍畮潎潈瑳ⴠ䌠灯敩䉜慬正灏㍳潚扭敩敍畮潎潈瑳䉜慬正灏㍳潚扭敩敍畮潎潈瑳瘮硣牰橯਍㩃啜敳獲啜楴楬慳整牵䑜捯浵湥獴噜獩慵⁬瑓摵潩㈠㄰尲牐橯捥獴卜祫慆汬䴠湥⁵㔱尤求捡⁫灏⁳″潎⁮潈瑳䐠慶⁲敍畮娠屍求捡佫獰娳浯楢䵥湥乵䡯獯⁴‭潃楰履卐弳敄畢屧散汬牐彸牍楎瑡彯瑳扵愮਍䍞尺獕牥屳瑕汩獩瑡略屲潄畣敭瑮屳楖畳污匠畴楤⁯〲㈱停潲敪瑣屳歓䙹污⁬敍畮ㄠ␵䉜慬正传獰㌠丠湯䠠獯⁴癄牡䴠湥⁵䵚䉜慬正灏㍳潚扭敩敍畮潎潈瑳ⴠ䌠灯敩䉜慬正灏㍳潚扭敩敍畮潎潈瑳䉜慬正灏㍳潚扭敩敍畮潎潈瑳瘮硣牰橯਍㩃啜敳獲啜楴楬慳整牵䑜捯浵湥獴噜獩慵⁬瑓摵潩㈠㄰尲牐橯捥獴卜祫慆汬䴠湥⁵㔱尤求捡⁫灏⁳″潎⁮潈瑳䐠慶⁲敍畮娠屍求捡佫獰娳浯楢䵥湥乵䡯獯⁴‭潃楰履卐弳敄畢屧散汬牐彸牍楎瑡彯瑳扵愮਍
D:\VISUAL STUDIO\SKYFALL MENU 15$\BLACK OPS 3 NON HOST DVAR MENU ZM\BLACKOPS3ZOMBIEMENUNOHOST\PS3_DEBUG\MRNIATO.SPRX
C:\USERS\UTILISATEUR\DOCUMENTS\VISUAL STUDIO 2012\PROJECTS\SKYFALL MENU 15$\BLACK OPS 3 NON HOST DVAR MENU ZM\BLACKOPS3ZOMBIEMENUNOHOST - COPIE\PS3_DEBUG\MRNIATO.SPRX
C:\USERS\UTILIS~1\APPDATA\LOCAL\TEMP\PS3PPULD242282\LIB.ENT.O
C:\USERS\UTILIS~1\APPDATA\LOCAL\TEMP\PS3PPULD238362\LIB.ENT.O
C:\USERS\UTILIS~1\APPDATA\LOCAL\TEMP\PS3PPULD237402\LIB.ENT.O
C:\USERS\UTILIS~1\APPDATA\LOCAL\TEMP\PS3PPULD162562\LIB.ENT.O
C:\USERS\UTILIS~1\APPDATA\LOCAL\TEMP\PS3PPULD164242\LIB.ENT.O
C:\USERS\UTILIS~1\APPDATA\LOCAL\TEMP\PS3PPULD168602\LIB.ENT.O
C:\USERS\UTILIS~1\APPDATA\LOCAL\TEMP\PS3PPULD133522\LIB.ENT.O
C:\USERS\UTILIS~1\APPDATA\LOCAL\TEMP\PS3PPULD136522\LIB.ENT.O
C:\USERS\UTILIS~1\APPDATA\LOCAL\TEMP\PS3PPULD161322\LIB.ENT.O
C:\USERS\UTILIS~1\APPDATA\LOCAL\TEMP\PS3PPULD134602\LIB.ENT.O
C:\USERS\UTILIS~1\APPDATA\LOCAL\TEMP\PS3PPULD49402\LIB.ENT.O
C:\USERS\UTILIS~1\APPDATA\LOCAL\TEMP\PS3PPULD162882\LIB.ENT.O
C:\USERS\UTILIS~1\APPDATA\LOCAL\TEMP\PS3PPULD13242\LIB.ENT.O
C:\USERS\UTILIS~1\APPDATA\LOCAL\TEMP\PS3PPULD13882\LIB.ENT.O
C:\USERS\UTILIS~1\APPDATA\LOCAL\TEMP\PS3PPULD22442\LIB.ENT.O
C:\USERS\UTILIS~1\APPDATA\LOCAL\TEMP\PS3PPULD78882\LIB.ENT.O
C:\USERS\UTILIS~1\APPDATA\LOCAL\TEMP\PS3PPULD170722\LIB.ENT.O
C:\USERS\UTILIS~1\APPDATA\LOCAL\TEMP\PS3PPULD124482\LIB.ENT.O
C:\USERS\UTILIS~1\APPDATA\LOCAL\TEMP\PS3PPULD139282\LIB.ENT.O
C:\USERS\UTILIS~1\APPDATA\LOCAL\TEMP\PS3PPULD133642\LIB.ENT.O
C:\USERS\UTILIS~1\APPDATA\LOCAL\TEMP\PS3PPULD60602\LIB.ENT.O
C:\USERS\UTILIS~1\APPDATA\LOCAL\TEMP\PS3PPULD136362\LIB.ENT.O
C:\USERS\UTILIS~1\APPDATA\LOCAL\TEMP\PS3PPULD118402\LIB.ENT.O
C:\USERS\UTILIS~1\APPDATA\LOCAL\TEMP\PS3PPULD76642\LIB.ENT.O
C:\USERS\UTILIS~1\APPDATA\LOCAL\TEMP\PS3PPULD58722\LIB.ENT.O
C:\USERS\UTILIS~1\APPDATA\LOCAL\TEMP\PS3PPULD118482\LIB.ENT.O
C:\USERS\UTILIS~1\APPDATA\LOCAL\TEMP\PS3PPULD69402\LIB.ENT.O
C:\USERS\UTILIS~1\APPDATA\LOCAL\TEMP\PS3PPULD93682\LIB.ENT.O
C:\USERS\UTILIS~1\APPDATA\LOCAL\TEMP\PS3PPULD136882\LIB.ENT.O
C:\USERS\UTILIS~1\APPDATA\LOCAL\TEMP\PS3PPULD135682\LIB.ENT.O
C:\USERS\UTILIS~1\APPDATA\LOCAL\TEMP\PS3PPULD129562\LIB.ENT.O
C:\USERS\UTILIS~1\APPDATA\LOCAL\TEMP\PS3PPULD103602\LIB.ENT.O
C:\USERS\UTILIS~1\APPDATA\LOCAL\TEMP\PS3PPULD78522\LIB.ENT.O
C:\USERS\UTILIS~1\APPDATA\LOCAL\TEMP\PS3PPULD65082\LIB.ENT.O
C:\USERS\UTILIS~1\APPDATA\LOCAL\TEMP\PS3PPULD99122\LIB.ENT.O
C:\USERS\UTILIS~1\APPDATA\LOCAL\TEMP\PS3PPULD142202\LIB.ENT.O
C:\USERS\UTILIS~1\APPDATA\LOCAL\TEMP\PS3PPULD126682\LIB.ENT.O
C:\USERS\UTILIS~1\APPDATA\LOCAL\TEMP\PS3PPULD57842\LIB.ENT.O
C:\USERS\UTILIS~1\APPDATA\LOCAL\TEMP\PS3PPULD72482\LIB.ENT.O
C:\USERS\UTILIS~1\APPDATA\LOCAL\TEMP\PS3PPULD110562\LIB.ENT.O
C:\USERS\UTILIS~1\APPDATA\LOCAL\TEMP\PS3PPULD31202\LIB.ENT.O
C:\USERS\UTILIS~1\APPDATA\LOCAL\TEMP\PS3PPULD119162\LIB.ENT.O
C:\USERS\UTILIS~1\APPDATA\LOCAL\TEMP\PS3PPULD93282\LIB.ENT.O
C:\USERS\UTILIS~1\APPDATA\LOCAL\TEMP\PS3PPULD73722\LIB.ENT.O
C:\USERS\UTILIS~1\APPDATA\LOCAL\TEMP\PS3PPULD29002\LIB.ENT.O
C:\USERS\UTILIS~1\APPDATA\LOCAL\TEMP\PS3PPULD127682\LIB.ENT.O
C:\USERS\UTILIS~1\APPDATA\LOCAL\TEMP\PS3PPULD93202\LIB.ENT.O
C:\USERS\UTILIS~1\APPDATA\LOCAL\TEMP\PS3PPULD100682\LIB.ENT.O
C:\USERS\UTILIS~1\APPDATA\LOCAL\TEMP\PS3PPULD94282\LIB.ENT.O
C:\USERS\UTILIS~1\APPDATA\LOCAL\TEMP\PS3PPULD65602\LIB.ENT.O
C:\USERS\UTILIS~1\APPDATA\LOCAL\TEMP\PS3PPULD122922\LIB.ENT.O
C:\USERS\UTILIS~1\APPDATA\LOCAL\TEMP\PS3PPULD111762\LIB.ENT.O
C:\USERS\UTILIS~1\APPDATA\LOCAL\TEMP\PS3PPULD76122\LIB.ENT.O
C:\USERS\UTILIS~1\APPDATA\LOCAL\TEMP\PS3PPULD120762\LIB.ENT.O
C:\USERS\UTILIS~1\APPDATA\LOCAL\TEMP\PS3PPULD75602\LIB.ENT.O
C:\USERS\UTILIS~1\APPDATA\LOCAL\TEMP\PS3PPULD72562\LIB.ENT.O
C:\USERS\UTILIS~1\APPDATA\LOCAL\TEMP\PS3PPULD138082\LIB.ENT.O
C:\USERS\UTILIS~1\APPDATA\LOCAL\TEMP\PS3PPULD23362\LIB.ENT.O
C:\USERS\UTILIS~1\APPDATA\LOCAL\TEMP\PS3PPULD86882\LIB.ENT.O
C:\USERS\UTILIS~1\APPDATA\LOCAL\TEMP\PS3PPULD114162\LIB.ENT.O
C:\USERS\UTILIS~1\APPDATA\LOCAL\TEMP\PS3PPULD242282\MRNIATO
C:\USERS\UTILIS~1\APPDATA\LOCAL\TEMP\PS3PPULD238362\MRNIATO
C:\USERS\UTILIS~1\APPDATA\LOCAL\TEMP\PS3PPULD237402\MRNIATO
C:\USERS\UTILIS~1\APPDATA\LOCAL\TEMP\PS3PPULD162562\MRNIATO
C:\USERS\UTILIS~1\APPDATA\LOCAL\TEMP\PS3PPULD164242\MRNIATO
C:\USERS\UTILIS~1\APPDATA\LOCAL\TEMP\PS3PPULD168602\MRNIATO
C:\USERS\UTILIS~1\APPDATA\LOCAL\TEMP\PS3PPULD133522\MRNIATO
C:\USERS\UTILIS~1\APPDATA\LOCAL\TEMP\PS3PPULD136522\MRNIATO
C:\USERS\UTILIS~1\APPDATA\LOCAL\TEMP\PS3PPULD161322\MRNIATO
C:\USERS\UTILIS~1\APPDATA\LOCAL\TEMP\PS3PPULD134602\MRNIATO
C:\USERS\UTILIS~1\APPDATA\LOCAL\TEMP\PS3PPULD49402\MRNIATO
C:\USERS\UTILIS~1\APPDATA\LOCAL\TEMP\PS3PPULD162882\MRNIATO
C:\USERS\UTILIS~1\APPDATA\LOCAL\TEMP\PS3PPULD13242\MRNIATO
C:\USERS\UTILIS~1\APPDATA\LOCAL\TEMP\PS3PPULD13882\MRNIATO
C:\USERS\UTILIS~1\APPDATA\LOCAL\TEMP\PS3PPULD22442\MRNIATO
C:\USERS\UTILIS~1\APPDATA\LOCAL\TEMP\PS3PPULD78882\MRNIATO
C:\USERS\UTILIS~1\APPDATA\LOCAL\TEMP\PS3PPULD170722\MRNIATO
C:\USERS\UTILIS~1\APPDATA\LOCAL\TEMP\PS3PPULD124482\MRNIATO
C:\USERS\UTILIS~1\APPDATA\LOCAL\TEMP\PS3PPULD139282\MRNIATO
C:\USERS\UTILIS~1\APPDATA\LOCAL\TEMP\PS3PPULD133642\MRNIATO
C:\USERS\UTILIS~1\APPDATA\LOCAL\TEMP\PS3PPULD60602\MRNIATO
C:\USERS\UTILIS~1\APPDATA\LOCAL\TEMP\PS3PPULD136362\MRNIATO
C:\USERS\UTILIS~1\APPDATA\LOCAL\TEMP\PS3PPULD118402\MRNIATO
C:\USERS\UTILIS~1\APPDATA\LOCAL\TEMP\PS3PPULD76642\MRNIATO
C:\USERS\UTILIS~1\APPDATA\LOCAL\TEMP\PS3PPULD58722\MRNIATO
C:\USERS\UTILIS~1\APPDATA\LOCAL\TEMP\PS3PPULD118482\MRNIATO
C:\USERS\UTILIS~1\APPDATA\LOCAL\TEMP\PS3PPULD69402\MRNIATO
C:\USERS\UTILIS~1\APPDATA\LOCAL\TEMP\PS3PPULD93682\MRNIATO
C:\USERS\UTILIS~1\APPDATA\LOCAL\TEMP\PS3PPULD136882\MRNIATO
C:\USERS\UTILIS~1\APPDATA\LOCAL\TEMP\PS3PPULD135682\MRNIATO
C:\USERS\UTILIS~1\APPDATA\LOCAL\TEMP\PS3PPULD129562\MRNIATO
C:\USERS\UTILIS~1\APPDATA\LOCAL\TEMP\PS3PPULD103602\MRNIATO
C:\USERS\UTILIS~1\APPDATA\LOCAL\TEMP\PS3PPULD78522\MRNIATO
C:\USERS\UTILIS~1\APPDATA\LOCAL\TEMP\PS3PPULD65082\MRNIATO
C:\USERS\UTILIS~1\APPDATA\LOCAL\TEMP\PS3PPULD99122\MRNIATO
C:\USERS\UTILIS~1\APPDATA\LOCAL\TEMP\PS3PPULD142202\MRNIATO
C:\USERS\UTILIS~1\APPDATA\LOCAL\TEMP\PS3PPULD126682\MRNIATO
C:\USERS\UTILIS~1\APPDATA\LOCAL\TEMP\PS3PPULD57842\MRNIATO
C:\USERS\UTILIS~1\APPDATA\LOCAL\TEMP\PS3PPULD72482\MRNIATO
C:\USERS\UTILIS~1\APPDATA\LOCAL\TEMP\PS3PPULD110562\MRNIATO
C:\USERS\UTILIS~1\APPDATA\LOCAL\TEMP\PS3PPULD31202\MRNIATO
C:\USERS\UTILIS~1\APPDATA\LOCAL\TEMP\PS3PPULD119162\MRNIATO
C:\USERS\UTILIS~1\APPDATA\LOCAL\TEMP\PS3PPULD93282\MRNIATO
C:\USERS\UTILIS~1\APPDATA\LOCAL\TEMP\PS3PPULD73722\MRNIATO
C:\USERS\UTILIS~1\APPDATA\LOCAL\TEMP\PS3PPULD29002\MRNIATO
C:\USERS\UTILIS~1\APPDATA\LOCAL\TEMP\PS3PPULD127682\MRNIATO
C:\USERS\UTILIS~1\APPDATA\LOCAL\TEMP\PS3PPULD93202\MRNIATO
C:\USERS\UTILIS~1\APPDATA\LOCAL\TEMP\PS3PPULD100682\MRNIATO
C:\USERS\UTILIS~1\APPDATA\LOCAL\TEMP\PS3PPULD94282\MRNIATO
C:\USERS\UTILIS~1\APPDATA\LOCAL\TEMP\PS3PPULD65602\MRNIATO
C:\USERS\UTILIS~1\APPDATA\LOCAL\TEMP\PS3PPULD122922\MRNIATO
C:\USERS\UTILIS~1\APPDATA\LOCAL\TEMP\PS3PPULD111762\MRNIATO
C:\USERS\UTILIS~1\APPDATA\LOCAL\TEMP\PS3PPULD76122\MRNIATO
C:\USERS\UTILIS~1\APPDATA\LOCAL\TEMP\PS3PPULD120762\MRNIATO
C:\USERS\UTILIS~1\APPDATA\LOCAL\TEMP\PS3PPULD75602\MRNIATO
C:\USERS\UTILIS~1\APPDATA\LOCAL\TEMP\PS3PPULD72562\MRNIATO
C:\USERS\UTILIS~1\APPDATA\LOCAL\TEMP\PS3PPULD138082\MRNIATO
C:\USERS\UTILIS~1\APPDATA\LOCAL\TEMP\PS3PPULD23362\MRNIATO
C:\USERS\UTILIS~1\APPDATA\LOCAL\TEMP\PS3PPULD114162\MRNIATO
D:\VISUAL STUDIO\SKYFALL MENU 15$\BLACK OPS 3 NON HOST DVAR MENU ZM\BLACKOPS3ZOMBIEMENUNOHOST\BLACKOPS3ZOMBIEMENUNOHOST\PS3_DEBUG\STDAFX.O
D:\VISUAL STUDIO\SKYFALL MENU 15$\BLACK OPS 3 NON HOST DVAR MENU ZM\BLACKOPS3ZOMBIEMENUNOHOST\BLACKOPS3ZOMBIEMENUNOHOST\PS3_DEBUG\MRNIATO.PCH
D:\VISUAL STUDIO\SKYFALL MENU 15$\BLACK OPS 3 NON HOST DVAR MENU ZM\BLACKOPS3ZOMBIEMENUNOHOST\BLACKOPS3ZOMBIEMENUNOHOST\PS3_DEBUG\PRX.O
C:\USERS\UTILISATEUR\DOCUMENTS\VISUAL STUDIO 2012\PROJECTS\SKYFALL MENU 15$\BLACK OPS 3 NON HOST DVAR MENU ZM\BLACKOPS3ZOMBIEMENUNOHOST\BLACKOPS3ZOMBIEMENUNOHOST\PS3_DEBUG\STDAFX.O
C:\USERS\UTILISATEUR\DOCUMENTS\VISUAL STUDIO 2012\PROJECTS\SKYFALL MENU 15$\BLACK OPS 3 NON HOST DVAR MENU ZM\BLACKOPS3ZOMBIEMENUNOHOST\BLACKOPS3ZOMBIEMENUNOHOST\PS3_DEBUG\MRNIATO.PCH
C:\USERS\UTILISATEUR\DOCUMENTS\VISUAL STUDIO 2012\PROJECTS\SKYFALL MENU 15$\BLACK OPS 3 NON HOST DVAR MENU ZM\BLACKOPS3ZOMBIEMENUNOHOST\BLACKOPS3ZOMBIEMENUNOHOST\PS3_DEBUG\PRX.O
C:\USERS\UTILISATEUR\DOCUMENTS\VISUAL STUDIO 2012\PROJECTS\SKYFALL MENU 15$\BLACK OPS 3 NON HOST DVAR MENU ZM\BLACKOPS3ZOMBIEMENUNOHOST - COPIE\BLACKOPS3ZOMBIEMENUNOHOST\PS3_DEBUG\STDAFX.O
C:\USERS\UTILISATEUR\DOCUMENTS\VISUAL STUDIO 2012\PROJECTS\SKYFALL MENU 15$\BLACK OPS 3 NON HOST DVAR MENU ZM\BLACKOPS3ZOMBIEMENUNOHOST - COPIE\BLACKOPS3ZOMBIEMENUNOHOST\PS3_DEBUG\MRNIATO.PCH
C:\USERS\UTILISATEUR\DOCUMENTS\VISUAL STUDIO 2012\PROJECTS\SKYFALL MENU 15$\BLACK OPS 3 NON HOST DVAR MENU ZM\BLACKOPS3ZOMBIEMENUNOHOST - COPIE\BLACKOPS3ZOMBIEMENUNOHOST\PS3_DEBUG\WEBFUNCTIONS.O
C:\USERS\UTILISATEUR\DOCUMENTS\VISUAL STUDIO 2012\PROJECTS\SKYFALL MENU 15$\BLACK OPS 3 NON HOST DVAR MENU ZM\BLACKOPS3ZOMBIEMENUNOHOST - COPIE\BLACKOPS3ZOMBIEMENUNOHOST\PS3_DEBUG\PRX.O
C:\Users\Utilisateur\Documents\Visual Studio 2012\Projects\SkyFall Menu 15$\Black Ops 3 Non Host Dvar Menu ZM\BlackOps3ZombieMenuNoHost - Copie\BlackOps3ZombieMenuNoHost\PS3_Debug\prx.o
C:\Users\Utilisateur\Documents\Visual Studio 2012\Projects\SkyFall Menu 15$\Black Ops 3 Non Host Dvar Menu ZM\BlackOps3ZombieMenuNoHost - Copie\BlackOps3ZombieMenuNoHost\PS3_Debug\stdafx.o
C:\Users\Utilisateur\Documents\Visual Studio 2012\Projects\SkyFall Menu 15$\Black Ops 3 Non Host Dvar Menu ZM\BlackOps3ZombieMenuNoHost - Copie\BlackOps3ZombieMenuNoHost\PS3_Debug\webFunctions.o
C:\Users\Utilisateur\Documents\Visual Studio 2012\Projects\SkyFall Menu 15$\Black Ops 3 Non Host Dvar Menu ZM\BlackOps3ZombieMenuNoHost - Copie\BlackOps3ZombieMenuNoHost\PS3_Debug\MrNiato.pch
C:\Users\Utilisateur\Documents\Visual Studio 2012\Projects\SkyFall Menu 15$\Black Ops 3 Non Host Dvar Menu ZM\BlackOps3ZombieMenuNoHost - Copie\BlackOps3ZombieMenuNoHost\PS3_Debug\MrNiato.write.1.tlog
C:\Users\Utilisateur\Documents\Visual Studio 2012\Projects\SkyFall Menu 15$\Black Ops 3 Non Host Dvar Menu ZM\BlackOps3ZombieMenuNoHost - Copie\BlackOps3ZombieMenuNoHost\PS3_Debug\ps3ppuld-make_fself.read.1.tlog
C:\Users\Utilisateur\Documents\Visual Studio 2012\Projects\SkyFall Menu 15$\Black Ops 3 Non Host Dvar Menu ZM\BlackOps3ZombieMenuNoHost - Copie\BlackOps3ZombieMenuNoHost\PS3_Debug\ps3ppuld-make_fself.write.1.tlog
C:\Users\Utilisateur\Documents\Visual Studio 2012\Projects\SkyFall Menu 15$\Black Ops 3 Non Host Dvar Menu ZM\BlackOps3ZombieMenuNoHost - Copie\BlackOps3ZombieMenuNoHost\PS3_Debug\ps3ppuld-ppu-lv2-as.read.1.tlog
C:\Users\Utilisateur\Documents\Visual Studio 2012\Projects\SkyFall Menu 15$\Black Ops 3 Non Host Dvar Menu ZM\BlackOps3ZombieMenuNoHost - Copie\BlackOps3ZombieMenuNoHost\PS3_Debug\ps3ppuld-ppu-lv2-as.write.1.tlog
C:\Users\Utilisateur\Documents\Visual Studio 2012\Projects\SkyFall Menu 15$\Black Ops 3 Non Host Dvar Menu ZM\BlackOps3ZombieMenuNoHost - Copie\BlackOps3ZombieMenuNoHost\PS3_Debug\ps3ppuld-ppu-lv2-prx-fixup.read.1.tlog
C:\Users\Utilisateur\Documents\Visual Studio 2012\Projects\SkyFall Menu 15$\Black Ops 3 Non Host Dvar Menu ZM\BlackOps3ZombieMenuNoHost - Copie\BlackOps3ZombieMenuNoHost\PS3_Debug\ps3ppuld-ppu-lv2-prx-fixup.write.1.tlog
C:\Users\Utilisateur\Documents\Visual Studio 2012\Projects\SkyFall Menu 15$\Black Ops 3 Non Host Dvar Menu ZM\BlackOps3ZombieMenuNoHost - Copie\BlackOps3ZombieMenuNoHost\PS3_Debug\ps3ppuld-ppu-lv2-prx-libgen.read.1.tlog
C:\Users\Utilisateur\Documents\Visual Studio 2012\Projects\SkyFall Menu 15$\Black Ops 3 Non Host Dvar Menu ZM\BlackOps3ZombieMenuNoHost - Copie\BlackOps3ZombieMenuNoHost\PS3_Debug\ps3ppuld.10064.read.1.tlog
C:\Users\Utilisateur\Documents\Visual Studio 2012\Projects\SkyFall Menu 15$\Black Ops 3 Non Host Dvar Menu ZM\BlackOps3ZombieMenuNoHost - Copie\BlackOps3ZombieMenuNoHost\PS3_Debug\ps3ppuld.10064.write.1.tlog
C:\Users\Utilisateur\Documents\Visual Studio 2012\Projects\SkyFall Menu 15$\Black Ops 3 Non Host Dvar Menu ZM\BlackOps3ZombieMenuNoHost - Copie\BlackOps3ZombieMenuNoHost\PS3_Debug\ps3ppuld.10264.read.1.tlog
C:\Users\Utilisateur\Documents\Visual Studio 2012\Projects\SkyFall Menu 15$\Black Ops 3 Non Host Dvar Menu ZM\BlackOps3ZombieMenuNoHost - Copie\BlackOps3ZombieMenuNoHost\PS3_Debug\ps3ppuld.10264.write.1.tlog
C:\Users\Utilisateur\Documents\Visual Studio 2012\Projects\SkyFall Menu 15$\Black Ops 3 Non Host Dvar Menu ZM\BlackOps3ZombieMenuNoHost - Copie\BlackOps3ZombieMenuNoHost\PS3_Debug\ps3ppuld.10284.read.1.tlog
C:\Users\Utilisateur\Documents\Visual Studio 2012\Projects\SkyFall Menu 15$\Black Ops 3 Non Host Dvar Menu ZM\BlackOps3ZombieMenuNoHost - Copie\BlackOps3ZombieMenuNoHost\PS3_Debug\ps3ppuld.10284.write.1.tlog
C:\Users\Utilisateur\Documents\Visual Studio 2012\Projects\SkyFall Menu 15$\Black Ops 3 Non Host Dvar Menu ZM\BlackOps3ZombieMenuNoHost - Copie\BlackOps3ZombieMenuNoHost\PS3_Debug\ps3ppuld.10400.read.1.tlog
C:\Users\Utilisateur\Documents\Visual Studio 2012\Projects\SkyFall Menu 15$\Black Ops 3 Non Host Dvar Menu ZM\BlackOps3ZombieMenuNoHost - Copie\BlackOps3ZombieMenuNoHost\PS3_Debug\ps3ppuld.10400.write.1.tlog
C:\Users\Utilisateur\Documents\Visual Studio 2012\Projects\SkyFall Menu 15$\Black Ops 3 Non Host Dvar Menu ZM\BlackOps3ZombieMenuNoHost - Copie\BlackOps3ZombieMenuNoHost\PS3_Debug\ps3ppuld.10552.read.1.tlog
C:\Users\Utilisateur\Documents\Visual Studio 2012\Projects\SkyFall Menu 15$\Black Ops 3 Non Host Dvar Menu ZM\BlackOps3ZombieMenuNoHost - Copie\BlackOps3ZombieMenuNoHost\PS3_Debug\ps3ppuld.10552.write.1.tlog
C:\Users\Utilisateur\Documents\Visual Studio 2012\Projects\SkyFall Menu 15$\Black Ops 3 Non Host Dvar Menu ZM\BlackOps3ZombieMenuNoHost - Copie\BlackOps3ZombieMenuNoHost\PS3_Debug\ps3ppuld.10668.read.1.tlog
C:\Users\Utilisateur\Documents\Visual Studio 2012\Projects\SkyFall Menu 15$\Black Ops 3 Non Host Dvar Menu ZM\BlackOps3ZombieMenuNoHost - Copie\BlackOps3ZombieMenuNoHost\PS3_Debug\ps3ppuld.10668.write.1.tlog
C:\Users\Utilisateur\Documents\Visual Studio 2012\Projects\SkyFall Menu 15$\Black Ops 3 Non Host Dvar Menu ZM\BlackOps3ZombieMenuNoHost - Copie\BlackOps3ZombieMenuNoHost\PS3_Debug\ps3ppuld.10768.read.1.tlog
C:\Users\Utilisateur\Documents\Visual Studio 2012\Projects\SkyFall Menu 15$\Black Ops 3 Non Host Dvar Menu ZM\BlackOps3ZombieMenuNoHost - Copie\BlackOps3ZombieMenuNoHost\PS3_Debug\ps3ppuld.10768.write.1.tlog
C:\Users\Utilisateur\Documents\Visual Studio 2012\Projects\SkyFall Menu 15$\Black Ops 3 Non Host Dvar Menu ZM\BlackOps3ZombieMenuNoHost - Copie\BlackOps3ZombieMenuNoHost\PS3_Debug\ps3ppuld.10884.read.1.tlog
C:\Users\Utilisateur\Documents\Visual Studio 2012\Projects\SkyFall Menu 15$\Black Ops 3 Non Host Dvar Menu ZM\BlackOps3ZombieMenuNoHost - Copie\BlackOps3ZombieMenuNoHost\PS3_Debug\ps3ppuld.10884.write.1.tlog
C:\Users\Utilisateur\Documents\Visual Studio 2012\Projects\SkyFall Menu 15$\Black Ops 3 Non Host Dvar Menu ZM\BlackOps3ZombieMenuNoHost - Copie\BlackOps3ZombieMenuNoHost\PS3_Debug\ps3ppuld.10904.read.1.tlog
C:\Users\Utilisateur\Documents\Visual Studio 2012\Projects\SkyFall Menu 15$\Black Ops 3 Non Host Dvar Menu ZM\BlackOps3ZombieMenuNoHost - Copie\BlackOps3ZombieMenuNoHost\PS3_Debug\ps3ppuld.10904.write.1.tlog
C:\Users\Utilisateur\Documents\Visual Studio 2012\Projects\SkyFall Menu 15$\Black Ops 3 Non Host Dvar Menu ZM\BlackOps3ZombieMenuNoHost - Copie\BlackOps3ZombieMenuNoHost\PS3_Debug\ps3ppuld.11016.read.1.tlog
C:\Users\Utilisateur\Documents\Visual Studio 2012\Projects\SkyFall Menu 15$\Black Ops 3 Non Host Dvar Menu ZM\BlackOps3ZombieMenuNoHost - Copie\BlackOps3ZombieMenuNoHost\PS3_Debug\ps3ppuld.11016.write.1.tlog
C:\Users\Utilisateur\Documents\Visual Studio 2012\Projects\SkyFall Menu 15$\Black Ops 3 Non Host Dvar Menu ZM\BlackOps3ZombieMenuNoHost - Copie\BlackOps3ZombieMenuNoHost\PS3_Debug\ps3ppuld.11204.read.1.tlog
C:\Users\Utilisateur\Documents\Visual Studio 2012\Projects\SkyFall Menu 15$\Black Ops 3 Non Host Dvar Menu ZM\BlackOps3ZombieMenuNoHost - Copie\BlackOps3ZombieMenuNoHost\PS3_Debug\ps3ppuld.11204.write.1.tlog
C:\Users\Utilisateur\Documents\Visual Studio 2012\Projects\SkyFall Menu 15$\Black Ops 3 Non Host Dvar Menu ZM\BlackOps3ZombieMenuNoHost - Copie\BlackOps3ZombieMenuNoHost\PS3_Debug\ps3ppuld.11268.read.1.tlog
C:\Users\Utilisateur\Documents\Visual Studio 2012\Projects\SkyFall Menu 15$\Black Ops 3 Non Host Dvar Menu ZM\BlackOps3ZombieMenuNoHost - Copie\BlackOps3ZombieMenuNoHost\PS3_Debug\ps3ppuld.11268.write.1.tlog
C:\Users\Utilisateur\Documents\Visual Studio 2012\Projects\SkyFall Menu 15$\Black Ops 3 Non Host Dvar Menu ZM\BlackOps3ZombieMenuNoHost - Copie\BlackOps3ZombieMenuNoHost\PS3_Debug\ps3ppuld.11280.read.1.tlog
C:\Users\Utilisateur\Documents\Visual Studio 2012\Projects\SkyFall Menu 15$\Black Ops 3 Non Host Dvar Menu ZM\BlackOps3ZombieMenuNoHost - Copie\BlackOps3ZombieMenuNoHost\PS3_Debug\ps3ppuld.11280.write.1.tlog
C:\Users\Utilisateur\Documents\Visual Studio 2012\Projects\SkyFall Menu 15$\Black Ops 3 Non Host Dvar Menu ZM\BlackOps3ZombieMenuNoHost - Copie\BlackOps3ZombieMenuNoHost\PS3_Debug\ps3ppuld.11332.read.1.tlog
C:\Users\Utilisateur\Documents\Visual Studio 2012\Projects\SkyFall Menu 15$\Black Ops 3 Non Host Dvar Menu ZM\BlackOps3ZombieMenuNoHost - Copie\BlackOps3ZombieMenuNoHost\PS3_Debug\ps3ppuld.11332.write.1.tlog
C:\Users\Utilisateur\Documents\Visual Studio 2012\Projects\SkyFall Menu 15$\Black Ops 3 Non Host Dvar Menu ZM\BlackOps3ZombieMenuNoHost - Copie\BlackOps3ZombieMenuNoHost\PS3_Debug\ps3ppuld.11708.read.1.tlog
C:\Users\Utilisateur\Documents\Visual Studio 2012\Projects\SkyFall Menu 15$\Black Ops 3 Non Host Dvar Menu ZM\BlackOps3ZombieMenuNoHost - Copie\BlackOps3ZombieMenuNoHost\PS3_Debug\ps3ppuld.11708.write.1.tlog
C:\Users\Utilisateur\Documents\Visual Studio 2012\Projects\SkyFall Menu 15$\Black Ops 3 Non Host Dvar Menu ZM\BlackOps3ZombieMenuNoHost - Copie\BlackOps3ZombieMenuNoHost\PS3_Debug\ps3ppuld.11948.read.1.tlog
C:\Users\Utilisateur\Documents\Visual Studio 2012\Projects\SkyFall Menu 15$\Black Ops 3 Non Host Dvar Menu ZM\BlackOps3ZombieMenuNoHost - Copie\BlackOps3ZombieMenuNoHost\PS3_Debug\ps3ppuld.11948.write.1.tlog
C:\Users\Utilisateur\Documents\Visual Studio 2012\Projects\SkyFall Menu 15$\Black Ops 3 Non Host Dvar Menu ZM\BlackOps3ZombieMenuNoHost - Copie\BlackOps3ZombieMenuNoHost\PS3_Debug\ps3ppuld.11968.read.1.tlog
C:\Users\Utilisateur\Documents\Visual Studio 2012\Projects\SkyFall Menu 15$\Black Ops 3 Non Host Dvar Menu ZM\BlackOps3ZombieMenuNoHost - Copie\BlackOps3ZombieMenuNoHost\PS3_Debug\ps3ppuld.11968.write.1.tlog
C:\Users\Utilisateur\Documents\Visual Studio 2012\Projects\SkyFall Menu 15$\Black Ops 3 Non Host Dvar Menu ZM\BlackOps3ZombieMenuNoHost - Copie\BlackOps3ZombieMenuNoHost\PS3_Debug\ps3ppuld.12016.read.1.tlog
C:\Users\Utilisateur\Documents\Visual Studio 2012\Projects\SkyFall Menu 15$\Black Ops 3 Non Host Dvar Menu ZM\BlackOps3ZombieMenuNoHost - Copie\BlackOps3ZombieMenuNoHost\PS3_Debug\ps3ppuld.12016.write.1.tlog
C:\Users\Utilisateur\Documents\Visual Studio 2012\Projects\SkyFall Menu 15$\Black Ops 3 Non Host Dvar Menu ZM\BlackOps3ZombieMenuNoHost - Copie\BlackOps3ZombieMenuNoHost\PS3_Debug\ps3ppuld.12052.read.1.tlog
C:\Users\Utilisateur\Documents\Visual Studio 2012\Projects\SkyFall Menu 15$\Black Ops 3 Non Host Dvar Menu ZM\BlackOps3ZombieMenuNoHost - Copie\BlackOps3ZombieMenuNoHost\PS3_Debug\ps3ppuld.12052.write.1.tlog
C:\Users\Utilisateur\Documents\Visual Studio 2012\Projects\SkyFall Menu 15$\Black Ops 3 Non Host Dvar Menu ZM\BlackOps3ZombieMenuNoHost - Copie\BlackOps3ZombieMenuNoHost\PS3_Debug\ps3ppuld.12244.read.1.tlog
C:\Users\Utilisateur\Documents\Visual Studio 2012\Projects\SkyFall Menu 15$\Black Ops 3 Non Host Dvar Menu ZM\BlackOps3ZombieMenuNoHost - Copie\BlackOps3ZombieMenuNoHost\PS3_Debug\ps3ppuld.12244.write.1.tlog
C:\Users\Utilisateur\Documents\Visual Studio 2012\Projects\SkyFall Menu 15$\Black Ops 3 Non Host Dvar Menu ZM\BlackOps3ZombieMenuNoHost - Copie\BlackOps3ZombieMenuNoHost\PS3_Debug\ps3ppuld.12320.read.1.tlog
C:\Users\Utilisateur\Documents\Visual Studio 2012\Projects\SkyFall Menu 15$\Black Ops 3 Non Host Dvar Menu ZM\BlackOps3ZombieMenuNoHost - Copie\BlackOps3ZombieMenuNoHost\PS3_Debug\ps3ppuld.12320.write.1.tlog
C:\Users\Utilisateur\Documents\Visual Studio 2012\Projects\SkyFall Menu 15$\Black Ops 3 Non Host Dvar Menu ZM\BlackOps3ZombieMenuNoHost - Copie\BlackOps3ZombieMenuNoHost\PS3_Debug\ps3ppuld.12344.read.1.tlog
C:\Users\Utilisateur\Documents\Visual Studio 2012\Projects\SkyFall Menu 15$\Black Ops 3 Non Host Dvar Menu ZM\BlackOps3ZombieMenuNoHost - Copie\BlackOps3ZombieMenuNoHost\PS3_Debug\ps3ppuld.12344.write.1.tlog
C:\Users\Utilisateur\Documents\Visual Studio 2012\Projects\SkyFall Menu 15$\Black Ops 3 Non Host Dvar Menu ZM\BlackOps3ZombieMenuNoHost - Copie\BlackOps3ZombieMenuNoHost\PS3_Debug\ps3ppuld.12376.read.1.tlog
C:\Users\Utilisateur\Documents\Visual Studio 2012\Projects\SkyFall Menu 15$\Black Ops 3 Non Host Dvar Menu ZM\BlackOps3ZombieMenuNoHost - Copie\BlackOps3ZombieMenuNoHost\PS3_Debug\ps3ppuld.12376.write.1.tlog
C:\Users\Utilisateur\Documents\Visual Studio 2012\Projects\SkyFall Menu 15$\Black Ops 3 Non Host Dvar Menu ZM\BlackOps3ZombieMenuNoHost - Copie\BlackOps3ZombieMenuNoHost\PS3_Debug\ps3ppuld.12392.read.1.tlog
C:\Users\Utilisateur\Documents\Visual Studio 2012\Projects\SkyFall Menu 15$\Black Ops 3 Non Host Dvar Menu ZM\BlackOps3ZombieMenuNoHost - Copie\BlackOps3ZombieMenuNoHost\PS3_Debug\ps3ppuld.12392.write.1.tlog
C:\Users\Utilisateur\Documents\Visual Studio 2012\Projects\SkyFall Menu 15$\Black Ops 3 Non Host Dvar Menu ZM\BlackOps3ZombieMenuNoHost - Copie\BlackOps3ZombieMenuNoHost\PS3_Debug\ps3ppuld.12928.read.1.tlog
C:\Users\Utilisateur\Documents\Visual Studio 2012\Projects\SkyFall Menu 15$\Black Ops 3 Non Host Dvar Menu ZM\BlackOps3ZombieMenuNoHost - Copie\BlackOps3ZombieMenuNoHost\PS3_Debug\ps3ppuld.12928.write.1.tlog
C:\Users\Utilisateur\Documents\Visual Studio 2012\Projects\SkyFall Menu 15$\Black Ops 3 Non Host Dvar Menu ZM\BlackOps3ZombieMenuNoHost - Copie\BlackOps3ZombieMenuNoHost\PS3_Debug\ps3ppuld.12940.read.1.tlog
C:\Users\Utilisateur\Documents\Visual Studio 2012\Projects\SkyFall Menu 15$\Black Ops 3 Non Host Dvar Menu ZM\BlackOps3ZombieMenuNoHost - Copie\BlackOps3ZombieMenuNoHost\PS3_Debug\ps3ppuld.12940.write.1.tlog
C:\Users\Utilisateur\Documents\Visual Studio 2012\Projects\SkyFall Menu 15$\Black Ops 3 Non Host Dvar Menu ZM\BlackOps3ZombieMenuNoHost - Copie\BlackOps3ZombieMenuNoHost\PS3_Debug\ps3ppuld.13056.read.1.tlog
C:\Users\Utilisateur\Documents\Visual Studio 2012\Projects\SkyFall Menu 15$\Black Ops 3 Non Host Dvar Menu ZM\BlackOps3ZombieMenuNoHost - Copie\BlackOps3ZombieMenuNoHost\PS3_Debug\ps3ppuld.13056.write.1.tlog
C:\Users\Utilisateur\Documents\Visual Studio 2012\Projects\SkyFall Menu 15$\Black Ops 3 Non Host Dvar Menu ZM\BlackOps3ZombieMenuNoHost - Copie\BlackOps3ZombieMenuNoHost\PS3_Debug\ps3ppuld.13096.read.1.tlog
C:\Users\Utilisateur\Documents\Visual Studio 2012\Projects\SkyFall Menu 15$\Black Ops 3 Non Host Dvar Menu ZM\BlackOps3ZombieMenuNoHost - Copie\BlackOps3ZombieMenuNoHost\PS3_Debug\ps3ppuld.13096.write.1.tlog
C:\Users\Utilisateur\Documents\Visual Studio 2012\Projects\SkyFall Menu 15$\Black Ops 3 Non Host Dvar Menu ZM\BlackOps3ZombieMenuNoHost - Copie\BlackOps3ZombieMenuNoHost\PS3_Debug\ps3ppuld.13488.read.1.tlog
C:\Users\Utilisateur\Documents\Visual Studio 2012\Projects\SkyFall Menu 15$\Black Ops 3 Non Host Dvar Menu ZM\BlackOps3ZombieMenuNoHost - Copie\BlackOps3ZombieMenuNoHost\PS3_Debug\ps3ppuld.13488.write.1.tlog
C:\Users\Utilisateur\Documents\Visual Studio 2012\Projects\SkyFall Menu 15$\Black Ops 3 Non Host Dvar Menu ZM\BlackOps3ZombieMenuNoHost - Copie\BlackOps3ZombieMenuNoHost\PS3_Debug\ps3ppuld.13508.read.1.tlog
C:\Users\Utilisateur\Documents\Visual Studio 2012\Projects\SkyFall Menu 15$\Black Ops 3 Non Host Dvar Menu ZM\BlackOps3ZombieMenuNoHost - Copie\BlackOps3ZombieMenuNoHost\PS3_Debug\ps3ppuld.13508.write.1.tlog
C:\Users\Utilisateur\Documents\Visual Studio 2012\Projects\SkyFall Menu 15$\Black Ops 3 Non Host Dvar Menu ZM\BlackOps3ZombieMenuNoHost - Copie\BlackOps3ZombieMenuNoHost\PS3_Debug\ps3ppuld.13660.read.1.tlog
C:\Users\Utilisateur\Documents\Visual Studio 2012\Projects\SkyFall Menu 15$\Black Ops 3 Non Host Dvar Menu ZM\BlackOps3ZombieMenuNoHost - Copie\BlackOps3ZombieMenuNoHost\PS3_Debug\ps3ppuld.13660.write.1.tlog
C:\Users\Utilisateur\Documents\Visual Studio 2012\Projects\SkyFall Menu 15$\Black Ops 3 Non Host Dvar Menu ZM\BlackOps3ZombieMenuNoHost - Copie\BlackOps3ZombieMenuNoHost\PS3_Debug\ps3ppuld.13688.read.1.tlog
C:\Users\Utilisateur\Documents\Visual Studio 2012\Projects\SkyFall Menu 15$\Black Ops 3 Non Host Dvar Menu ZM\BlackOps3ZombieMenuNoHost - Copie\BlackOps3ZombieMenuNoHost\PS3_Debug\ps3ppuld.13688.write.1.tlog
C:\Users\Utilisateur\Documents\Visual Studio 2012\Projects\SkyFall Menu 15$\Black Ops 3 Non Host Dvar Menu ZM\BlackOps3ZombieMenuNoHost - Copie\BlackOps3ZombieMenuNoHost\PS3_Debug\ps3ppuld.13788.read.1.tlog
C:\Users\Utilisateur\Documents\Visual Studio 2012\Projects\SkyFall Menu 15$\Black Ops 3 Non Host Dvar Menu ZM\BlackOps3ZombieMenuNoHost - Copie\BlackOps3ZombieMenuNoHost\PS3_Debug\ps3ppuld.13788.write.1.tlog
C:\Users\Utilisateur\Documents\Visual Studio 2012\Projects\SkyFall Menu 15$\Black Ops 3 Non Host Dvar Menu ZM\BlackOps3ZombieMenuNoHost - Copie\BlackOps3ZombieMenuNoHost\PS3_Debug\ps3ppuld.14108.read.1.tlog
C:\Users\Utilisateur\Documents\Visual Studio 2012\Projects\SkyFall Menu 15$\Black Ops 3 Non Host Dvar Menu ZM\BlackOps3ZombieMenuNoHost - Copie\BlackOps3ZombieMenuNoHost\PS3_Debug\ps3ppuld.14108.write.1.tlog
C:\Users\Utilisateur\Documents\Visual Studio 2012\Projects\SkyFall Menu 15$\Black Ops 3 Non Host Dvar Menu ZM\BlackOps3ZombieMenuNoHost - Copie\BlackOps3ZombieMenuNoHost\PS3_Debug\ps3ppuld.14184.read.1.tlog
C:\Users\Utilisateur\Documents\Visual Studio 2012\Projects\SkyFall Menu 15$\Black Ops 3 Non Host Dvar Menu ZM\BlackOps3ZombieMenuNoHost - Copie\BlackOps3ZombieMenuNoHost\PS3_Debug\ps3ppuld.14184.write.1.tlog
C:\Users\Utilisateur\Documents\Visual Studio 2012\Projects\SkyFall Menu 15$\Black Ops 3 Non Host Dvar Menu ZM\BlackOps3ZombieMenuNoHost - Copie\BlackOps3ZombieMenuNoHost\PS3_Debug\ps3ppuld.14228.read.1.tlog
C:\Users\Utilisateur\Documents\Visual Studio 2012\Projects\SkyFall Menu 15$\Black Ops 3 Non Host Dvar Menu ZM\BlackOps3ZombieMenuNoHost - Copie\BlackOps3ZombieMenuNoHost\PS3_Debug\ps3ppuld.14228.write.1.tlog
C:\Users\Utilisateur\Documents\Visual Studio 2012\Projects\SkyFall Menu 15$\Black Ops 3 Non Host Dvar Menu ZM\BlackOps3ZombieMenuNoHost - Copie\BlackOps3ZombieMenuNoHost\PS3_Debug\ps3ppuld.14328.read.1.tlog
C:\Users\Utilisateur\Documents\Visual Studio 2012\Projects\SkyFall Menu 15$\Black Ops 3 Non Host Dvar Menu ZM\BlackOps3ZombieMenuNoHost - Copie\BlackOps3ZombieMenuNoHost\PS3_Debug\ps3ppuld.14328.write.1.tlog
C:\Users\Utilisateur\Documents\Visual Studio 2012\Projects\SkyFall Menu 15$\Black Ops 3 Non Host Dvar Menu ZM\BlackOps3ZombieMenuNoHost - Copie\BlackOps3ZombieMenuNoHost\PS3_Debug\ps3ppuld.14332.read.1.tlog
C:\Users\Utilisateur\Documents\Visual Studio 2012\Projects\SkyFall Menu 15$\Black Ops 3 Non Host Dvar Menu ZM\BlackOps3ZombieMenuNoHost - Copie\BlackOps3ZombieMenuNoHost\PS3_Debug\ps3ppuld.14332.write.1.tlog
C:\Users\Utilisateur\Documents\Visual Studio 2012\Projects\SkyFall Menu 15$\Black Ops 3 Non Host Dvar Menu ZM\BlackOps3ZombieMenuNoHost - Copie\BlackOps3ZombieMenuNoHost\PS3_Debug\ps3ppuld.1532.read.1.tlog
C:\Users\Utilisateur\Documents\Visual Studio 2012\Projects\SkyFall Menu 15$\Black Ops 3 Non Host Dvar Menu ZM\BlackOps3ZombieMenuNoHost - Copie\BlackOps3ZombieMenuNoHost\PS3_Debug\ps3ppuld.1532.write.1.tlog
C:\Users\Utilisateur\Documents\Visual Studio 2012\Projects\SkyFall Menu 15$\Black Ops 3 Non Host Dvar Menu ZM\BlackOps3ZombieMenuNoHost - Copie\BlackOps3ZombieMenuNoHost\PS3_Debug\ps3ppuld.15756.read.1.tlog
C:\Users\Utilisateur\Documents\Visual Studio 2012\Projects\SkyFall Menu 15$\Black Ops 3 Non Host Dvar Menu ZM\BlackOps3ZombieMenuNoHost - Copie\BlackOps3ZombieMenuNoHost\PS3_Debug\ps3ppuld.15756.write.1.tlog
C:\Users\Utilisateur\Documents\Visual Studio 2012\Projects\SkyFall Menu 15$\Black Ops 3 Non Host Dvar Menu ZM\BlackOps3ZombieMenuNoHost - Copie\BlackOps3ZombieMenuNoHost\PS3_Debug\ps3ppuld.16068.read.1.tlog
C:\Users\Utilisateur\Documents\Visual Studio 2012\Projects\SkyFall Menu 15$\Black Ops 3 Non Host Dvar Menu ZM\BlackOps3ZombieMenuNoHost - Copie\BlackOps3ZombieMenuNoHost\PS3_Debug\ps3ppuld.16068.write.1.tlog
C:\Users\Utilisateur\Documents\Visual Studio 2012\Projects\SkyFall Menu 15$\Black Ops 3 Non Host Dvar Menu ZM\BlackOps3ZombieMenuNoHost - Copie\BlackOps3ZombieMenuNoHost\PS3_Debug\ps3ppuld.16192.read.1.tlog
C:\Users\Utilisateur\Documents\Visual Studio 2012\Projects\SkyFall Menu 15$\Black Ops 3 Non Host Dvar Menu ZM\BlackOps3ZombieMenuNoHost - Copie\BlackOps3ZombieMenuNoHost\PS3_Debug\ps3ppuld.16192.write.1.tlog
C:\Users\Utilisateur\Documents\Visual Studio 2012\Projects\SkyFall Menu 15$\Black Ops 3 Non Host Dvar Menu ZM\BlackOps3ZombieMenuNoHost - Copie\BlackOps3ZombieMenuNoHost\PS3_Debug\ps3ppuld.16308.read.1.tlog
C:\Users\Utilisateur\Documents\Visual Studio 2012\Projects\SkyFall Menu 15$\Black Ops 3 Non Host Dvar Menu ZM\BlackOps3ZombieMenuNoHost - Copie\BlackOps3ZombieMenuNoHost\PS3_Debug\ps3ppuld.16308.write.1.tlog
C:\Users\Utilisateur\Documents\Visual Studio 2012\Projects\SkyFall Menu 15$\Black Ops 3 Non Host Dvar Menu ZM\BlackOps3ZombieMenuNoHost - Copie\BlackOps3ZombieMenuNoHost\PS3_Debug\ps3ppuld.16476.read.1.tlog
C:\Users\Utilisateur\Documents\Visual Studio 2012\Projects\SkyFall Menu 15$\Black Ops 3 Non Host Dvar Menu ZM\BlackOps3ZombieMenuNoHost - Copie\BlackOps3ZombieMenuNoHost\PS3_Debug\ps3ppuld.16476.write.1.tlog
C:\Users\Utilisateur\Documents\Visual Studio 2012\Projects\SkyFall Menu 15$\Black Ops 3 Non Host Dvar Menu ZM\BlackOps3ZombieMenuNoHost - Copie\BlackOps3ZombieMenuNoHost\PS3_Debug\ps3ppuld.16828.read.1.tlog
C:\Users\Utilisateur\Documents\Visual Studio 2012\Projects\SkyFall Menu 15$\Black Ops 3 Non Host Dvar Menu ZM\BlackOps3ZombieMenuNoHost - Copie\BlackOps3ZombieMenuNoHost\PS3_Debug\ps3ppuld.16828.write.1.tlog
C:\Users\Utilisateur\Documents\Visual Studio 2012\Projects\SkyFall Menu 15$\Black Ops 3 Non Host Dvar Menu ZM\BlackOps3ZombieMenuNoHost - Copie\BlackOps3ZombieMenuNoHost\PS3_Debug\ps3ppuld.16904.read.1.tlog
C:\Users\Utilisateur\Documents\Visual Studio 2012\Projects\SkyFall Menu 15$\Black Ops 3 Non Host Dvar Menu ZM\BlackOps3ZombieMenuNoHost - Copie\BlackOps3ZombieMenuNoHost\PS3_Debug\ps3ppuld.16904.write.1.tlog
C:\Users\Utilisateur\Documents\Visual Studio 2012\Projects\SkyFall Menu 15$\Black Ops 3 Non Host Dvar Menu ZM\BlackOps3ZombieMenuNoHost - Copie\BlackOps3ZombieMenuNoHost\PS3_Debug\ps3ppuld.17112.read.1.tlog
C:\Users\Utilisateur\Documents\Visual Studio 2012\Projects\SkyFall Menu 15$\Black Ops 3 Non Host Dvar Menu ZM\BlackOps3ZombieMenuNoHost - Copie\BlackOps3ZombieMenuNoHost\PS3_Debug\ps3ppuld.17112.write.1.tlog
C:\Users\Utilisateur\Documents\Visual Studio 2012\Projects\SkyFall Menu 15$\Black Ops 3 Non Host Dvar Menu ZM\BlackOps3ZombieMenuNoHost - Copie\BlackOps3ZombieMenuNoHost\PS3_Debug\ps3ppuld.17172.read.1.tlog
C:\Users\Utilisateur\Documents\Visual Studio 2012\Projects\SkyFall Menu 15$\Black Ops 3 Non Host Dvar Menu ZM\BlackOps3ZombieMenuNoHost - Copie\BlackOps3ZombieMenuNoHost\PS3_Debug\ps3ppuld.17172.write.1.tlog
C:\Users\Utilisateur\Documents\Visual Studio 2012\Projects\SkyFall Menu 15$\Black Ops 3 Non Host Dvar Menu ZM\BlackOps3ZombieMenuNoHost - Copie\BlackOps3ZombieMenuNoHost\PS3_Debug\ps3ppuld.17892.read.1.tlog
C:\Users\Utilisateur\Documents\Visual Studio 2012\Projects\SkyFall Menu 15$\Black Ops 3 Non Host Dvar Menu ZM\BlackOps3ZombieMenuNoHost - Copie\BlackOps3ZombieMenuNoHost\PS3_Debug\ps3ppuld.17892.write.1.tlog
C:\Users\Utilisateur\Documents\Visual Studio 2012\Projects\SkyFall Menu 15$\Black Ops 3 Non Host Dvar Menu ZM\BlackOps3ZombieMenuNoHost - Copie\BlackOps3ZombieMenuNoHost\PS3_Debug\ps3ppuld.19660.read.1.tlog
C:\Users\Utilisateur\Documents\Visual Studio 2012\Projects\SkyFall Menu 15$\Black Ops 3 Non Host Dvar Menu ZM\BlackOps3ZombieMenuNoHost - Copie\BlackOps3ZombieMenuNoHost\PS3_Debug\ps3ppuld.19660.write.1.tlog
C:\Users\Utilisateur\Documents\Visual Studio 2012\Projects\SkyFall Menu 15$\Black Ops 3 Non Host Dvar Menu ZM\BlackOps3ZombieMenuNoHost - Copie\BlackOps3ZombieMenuNoHost\PS3_Debug\ps3ppuld.19720.read.1.tlog
C:\Users\Utilisateur\Documents\Visual Studio 2012\Projects\SkyFall Menu 15$\Black Ops 3 Non Host Dvar Menu ZM\BlackOps3ZombieMenuNoHost - Copie\BlackOps3ZombieMenuNoHost\PS3_Debug\ps3ppuld.19720.write.1.tlog
C:\Users\Utilisateur\Documents\Visual Studio 2012\Projects\SkyFall Menu 15$\Black Ops 3 Non Host Dvar Menu ZM\BlackOps3ZombieMenuNoHost - Copie\BlackOps3ZombieMenuNoHost\PS3_Debug\ps3ppuld.19752.read.1.tlog
C:\Users\Utilisateur\Documents\Visual Studio 2012\Projects\SkyFall Menu 15$\Black Ops 3 Non Host Dvar Menu ZM\BlackOps3ZombieMenuNoHost - Copie\BlackOps3ZombieMenuNoHost\PS3_Debug\ps3ppuld.19752.write.1.tlog
C:\Users\Utilisateur\Documents\Visual Studio 2012\Projects\SkyFall Menu 15$\Black Ops 3 Non Host Dvar Menu ZM\BlackOps3ZombieMenuNoHost - Copie\BlackOps3ZombieMenuNoHost\PS3_Debug\ps3ppuld.20244.read.1.tlog
C:\Users\Utilisateur\Documents\Visual Studio 2012\Projects\SkyFall Menu 15$\Black Ops 3 Non Host Dvar Menu ZM\BlackOps3ZombieMenuNoHost - Copie\BlackOps3ZombieMenuNoHost\PS3_Debug\ps3ppuld.20244.write.1.tlog
C:\Users\Utilisateur\Documents\Visual Studio 2012\Projects\SkyFall Menu 15$\Black Ops 3 Non Host Dvar Menu ZM\BlackOps3ZombieMenuNoHost - Copie\BlackOps3ZombieMenuNoHost\PS3_Debug\ps3ppuld.208.read.1.tlog
C:\Users\Utilisateur\Documents\Visual Studio 2012\Projects\SkyFall Menu 15$\Black Ops 3 Non Host Dvar Menu ZM\BlackOps3ZombieMenuNoHost - Copie\BlackOps3ZombieMenuNoHost\PS3_Debug\ps3ppuld.208.write.1.tlog
C:\Users\Utilisateur\Documents\Visual Studio 2012\Projects\SkyFall Menu 15$\Black Ops 3 Non Host Dvar Menu ZM\BlackOps3ZombieMenuNoHost - Copie\BlackOps3ZombieMenuNoHost\PS3_Debug\ps3ppuld.21808.read.1.tlog
C:\Users\Utilisateur\Documents\Visual Studio 2012\Projects\SkyFall Menu 15$\Black Ops 3 Non Host Dvar Menu ZM\BlackOps3ZombieMenuNoHost - Copie\BlackOps3ZombieMenuNoHost\PS3_Debug\ps3ppuld.21808.write.1.tlog
C:\Users\Utilisateur\Documents\Visual Studio 2012\Projects\SkyFall Menu 15$\Black Ops 3 Non Host Dvar Menu ZM\BlackOps3ZombieMenuNoHost - Copie\BlackOps3ZombieMenuNoHost\PS3_Debug\ps3ppuld.23452.read.1.tlog
C:\Users\Utilisateur\Documents\Visual Studio 2012\Projects\SkyFall Menu 15$\Black Ops 3 Non Host Dvar Menu ZM\BlackOps3ZombieMenuNoHost - Copie\BlackOps3ZombieMenuNoHost\PS3_Debug\ps3ppuld.23452.write.1.tlog
C:\Users\Utilisateur\Documents\Visual Studio 2012\Projects\SkyFall Menu 15$\Black Ops 3 Non Host Dvar Menu ZM\BlackOps3ZombieMenuNoHost - Copie\BlackOps3ZombieMenuNoHost\PS3_Debug\ps3ppuld.2352.read.1.tlog
C:\Users\Utilisateur\Documents\Visual Studio 2012\Projects\SkyFall Menu 15$\Black Ops 3 Non Host Dvar Menu ZM\BlackOps3ZombieMenuNoHost - Copie\BlackOps3ZombieMenuNoHost\PS3_Debug\ps3ppuld.2352.write.1.tlog
C:\Users\Utilisateur\Documents\Visual Studio 2012\Projects\SkyFall Menu 15$\Black Ops 3 Non Host Dvar Menu ZM\BlackOps3ZombieMenuNoHost - Copie\BlackOps3ZombieMenuNoHost\PS3_Debug\ps3ppuld.23816.read.1.tlog
C:\Users\Utilisateur\Documents\Visual Studio 2012\Projects\SkyFall Menu 15$\Black Ops 3 Non Host Dvar Menu ZM\BlackOps3ZombieMenuNoHost - Copie\BlackOps3ZombieMenuNoHost\PS3_Debug\ps3ppuld.23816.write.1.tlog
C:\Users\Utilisateur\Documents\Visual Studio 2012\Projects\SkyFall Menu 15$\Black Ops 3 Non Host Dvar Menu ZM\BlackOps3ZombieMenuNoHost - Copie\BlackOps3ZombieMenuNoHost\PS3_Debug\ps3ppuld.23884.read.1.tlog
C:\Users\Utilisateur\Documents\Visual Studio 2012\Projects\SkyFall Menu 15$\Black Ops 3 Non Host Dvar Menu ZM\BlackOps3ZombieMenuNoHost - Copie\BlackOps3ZombieMenuNoHost\PS3_Debug\ps3ppuld.23884.write.1.tlog
C:\Users\Utilisateur\Documents\Visual Studio 2012\Projects\SkyFall Menu 15$\Black Ops 3 Non Host Dvar Menu ZM\BlackOps3ZombieMenuNoHost - Copie\BlackOps3ZombieMenuNoHost\PS3_Debug\ps3ppuld.24064.read.1.tlog
C:\Users\Utilisateur\Documents\Visual Studio 2012\Projects\SkyFall Menu 15$\Black Ops 3 Non Host Dvar Menu ZM\BlackOps3ZombieMenuNoHost - Copie\BlackOps3ZombieMenuNoHost\PS3_Debug\ps3ppuld.24064.write.1.tlog
C:\Users\Utilisateur\Documents\Visual Studio 2012\Projects\SkyFall Menu 15$\Black Ops 3 Non Host Dvar Menu ZM\BlackOps3ZombieMenuNoHost - Copie\BlackOps3ZombieMenuNoHost\PS3_Debug\ps3ppuld.25224.read.1.tlog
C:\Users\Utilisateur\Documents\Visual Studio 2012\Projects\SkyFall Menu 15$\Black Ops 3 Non Host Dvar Menu ZM\BlackOps3ZombieMenuNoHost - Copie\BlackOps3ZombieMenuNoHost\PS3_Debug\ps3ppuld.25224.write.1.tlog
C:\Users\Utilisateur\Documents\Visual Studio 2012\Projects\SkyFall Menu 15$\Black Ops 3 Non Host Dvar Menu ZM\BlackOps3ZombieMenuNoHost - Copie\BlackOps3ZombieMenuNoHost\PS3_Debug\ps3ppuld.25228.read.1.tlog
C:\Users\Utilisateur\Documents\Visual Studio 2012\Projects\SkyFall Menu 15$\Black Ops 3 Non Host Dvar Menu ZM\BlackOps3ZombieMenuNoHost - Copie\BlackOps3ZombieMenuNoHost\PS3_Debug\ps3ppuld.25228.write.1.tlog
C:\Users\Utilisateur\Documents\Visual Studio 2012\Projects\SkyFall Menu 15$\Black Ops 3 Non Host Dvar Menu ZM\BlackOps3ZombieMenuNoHost - Copie\BlackOps3ZombieMenuNoHost\PS3_Debug\ps3ppuld.25444.read.1.tlog
C:\Users\Utilisateur\Documents\Visual Studio 2012\Projects\SkyFall Menu 15$\Black Ops 3 Non Host Dvar Menu ZM\BlackOps3ZombieMenuNoHost - Copie\BlackOps3ZombieMenuNoHost\PS3_Debug\ps3ppuld.25444.write.1.tlog
C:\Users\Utilisateur\Documents\Visual Studio 2012\Projects\SkyFall Menu 15$\Black Ops 3 Non Host Dvar Menu ZM\BlackOps3ZombieMenuNoHost - Copie\BlackOps3ZombieMenuNoHost\PS3_Debug\ps3ppuld.28296.read.1.tlog
C:\Users\Utilisateur\Documents\Visual Studio 2012\Projects\SkyFall Menu 15$\Black Ops 3 Non Host Dvar Menu ZM\BlackOps3ZombieMenuNoHost - Copie\BlackOps3ZombieMenuNoHost\PS3_Debug\ps3ppuld.28296.write.1.tlog
C:\Users\Utilisateur\Documents\Visual Studio 2012\Projects\SkyFall Menu 15$\Black Ops 3 Non Host Dvar Menu ZM\BlackOps3ZombieMenuNoHost - Copie\BlackOps3ZombieMenuNoHost\PS3_Debug\ps3ppuld.2900.read.1.tlog
C:\Users\Utilisateur\Documents\Visual Studio 2012\Projects\SkyFall Menu 15$\Black Ops 3 Non Host Dvar Menu ZM\BlackOps3ZombieMenuNoHost - Copie\BlackOps3ZombieMenuNoHost\PS3_Debug\ps3ppuld.2900.write.1.tlog
C:\Users\Utilisateur\Documents\Visual Studio 2012\Projects\SkyFall Menu 15$\Black Ops 3 Non Host Dvar Menu ZM\BlackOps3ZombieMenuNoHost - Copie\BlackOps3ZombieMenuNoHost\PS3_Debug\ps3ppuld.2952.read.1.tlog
C:\Users\Utilisateur\Documents\Visual Studio 2012\Projects\SkyFall Menu 15$\Black Ops 3 Non Host Dvar Menu ZM\BlackOps3ZombieMenuNoHost - Copie\BlackOps3ZombieMenuNoHost\PS3_Debug\ps3ppuld.2952.write.1.tlog
C:\Users\Utilisateur\Documents\Visual Studio 2012\Projects\SkyFall Menu 15$\Black Ops 3 Non Host Dvar Menu ZM\BlackOps3ZombieMenuNoHost - Copie\BlackOps3ZombieMenuNoHost\PS3_Debug\ps3ppuld.3020.read.1.tlog
C:\Users\Utilisateur\Documents\Visual Studio 2012\Projects\SkyFall Menu 15$\Black Ops 3 Non Host Dvar Menu ZM\BlackOps3ZombieMenuNoHost - Copie\BlackOps3ZombieMenuNoHost\PS3_Debug\ps3ppuld.3020.write.1.tlog
C:\Users\Utilisateur\Documents\Visual Studio 2012\Projects\SkyFall Menu 15$\Black Ops 3 Non Host Dvar Menu ZM\BlackOps3ZombieMenuNoHost - Copie\BlackOps3ZombieMenuNoHost\PS3_Debug\ps3ppuld.31812.read.1.tlog
C:\Users\Utilisateur\Documents\Visual Studio 2012\Projects\SkyFall Menu 15$\Black Ops 3 Non Host Dvar Menu ZM\BlackOps3ZombieMenuNoHost - Copie\BlackOps3ZombieMenuNoHost\PS3_Debug\ps3ppuld.31812.write.1.tlog
C:\Users\Utilisateur\Documents\Visual Studio 2012\Projects\SkyFall Menu 15$\Black Ops 3 Non Host Dvar Menu ZM\BlackOps3ZombieMenuNoHost - Copie\BlackOps3ZombieMenuNoHost\PS3_Debug\ps3ppuld.34352.read.1.tlog
C:\Users\Utilisateur\Documents\Visual Studio 2012\Projects\SkyFall Menu 15$\Black Ops 3 Non Host Dvar Menu ZM\BlackOps3ZombieMenuNoHost - Copie\BlackOps3ZombieMenuNoHost\PS3_Debug\ps3ppuld.34352.write.1.tlog
C:\Users\Utilisateur\Documents\Visual Studio 2012\Projects\SkyFall Menu 15$\Black Ops 3 Non Host Dvar Menu ZM\BlackOps3ZombieMenuNoHost - Copie\BlackOps3ZombieMenuNoHost\PS3_Debug\ps3ppuld.34656.read.1.tlog
C:\Users\Utilisateur\Documents\Visual Studio 2012\Projects\SkyFall Menu 15$\Black Ops 3 Non Host Dvar Menu ZM\BlackOps3ZombieMenuNoHost - Copie\BlackOps3ZombieMenuNoHost\PS3_Debug\ps3ppuld.34656.write.1.tlog
C:\Users\Utilisateur\Documents\Visual Studio 2012\Projects\SkyFall Menu 15$\Black Ops 3 Non Host Dvar Menu ZM\BlackOps3ZombieMenuNoHost - Copie\BlackOps3ZombieMenuNoHost\PS3_Debug\ps3ppuld.3760.read.1.tlog
C:\Users\Utilisateur\Documents\Visual Studio 2012\Projects\SkyFall Menu 15$\Black Ops 3 Non Host Dvar Menu ZM\BlackOps3ZombieMenuNoHost - Copie\BlackOps3ZombieMenuNoHost\PS3_Debug\ps3ppuld.3760.write.1.tlog
C:\Users\Utilisateur\Documents\Visual Studio 2012\Projects\SkyFall Menu 15$\Black Ops 3 Non Host Dvar Menu ZM\BlackOps3ZombieMenuNoHost - Copie\BlackOps3ZombieMenuNoHost\PS3_Debug\ps3ppuld.3928.read.1.tlog
C:\Users\Utilisateur\Documents\Visual Studio 2012\Projects\SkyFall Menu 15$\Black Ops 3 Non Host Dvar Menu ZM\BlackOps3ZombieMenuNoHost - Copie\BlackOps3ZombieMenuNoHost\PS3_Debug\ps3ppuld.3928.write.1.tlog
C:\Users\Utilisateur\Documents\Visual Studio 2012\Projects\SkyFall Menu 15$\Black Ops 3 Non Host Dvar Menu ZM\BlackOps3ZombieMenuNoHost - Copie\BlackOps3ZombieMenuNoHost\PS3_Debug\ps3ppuld.5332.read.1.tlog
C:\Users\Utilisateur\Documents\Visual Studio 2012\Projects\SkyFall Menu 15$\Black Ops 3 Non Host Dvar Menu ZM\BlackOps3ZombieMenuNoHost - Copie\BlackOps3ZombieMenuNoHost\PS3_Debug\ps3ppuld.5332.write.1.tlog
C:\Users\Utilisateur\Documents\Visual Studio 2012\Projects\SkyFall Menu 15$\Black Ops 3 Non Host Dvar Menu ZM\BlackOps3ZombieMenuNoHost - Copie\BlackOps3ZombieMenuNoHost\PS3_Debug\ps3ppuld.5504.read.1.tlog
C:\Users\Utilisateur\Documents\Visual Studio 2012\Projects\SkyFall Menu 15$\Black Ops 3 Non Host Dvar Menu ZM\BlackOps3ZombieMenuNoHost - Copie\BlackOps3ZombieMenuNoHost\PS3_Debug\ps3ppuld.5504.write.1.tlog
C:\Users\Utilisateur\Documents\Visual Studio 2012\Projects\SkyFall Menu 15$\Black Ops 3 Non Host Dvar Menu ZM\BlackOps3ZombieMenuNoHost - Copie\BlackOps3ZombieMenuNoHost\PS3_Debug\ps3ppuld.5544.read.1.tlog
C:\Users\Utilisateur\Documents\Visual Studio 2012\Projects\SkyFall Menu 15$\Black Ops 3 Non Host Dvar Menu ZM\BlackOps3ZombieMenuNoHost - Copie\BlackOps3ZombieMenuNoHost\PS3_Debug\ps3ppuld.5544.write.1.tlog
C:\Users\Utilisateur\Documents\Visual Studio 2012\Projects\SkyFall Menu 15$\Black Ops 3 Non Host Dvar Menu ZM\BlackOps3ZombieMenuNoHost - Copie\BlackOps3ZombieMenuNoHost\PS3_Debug\ps3ppuld.6132.read.1.tlog
C:\Users\Utilisateur\Documents\Visual Studio 2012\Projects\SkyFall Menu 15$\Black Ops 3 Non Host Dvar Menu ZM\BlackOps3ZombieMenuNoHost - Copie\BlackOps3ZombieMenuNoHost\PS3_Debug\ps3ppuld.6132.write.1.tlog
C:\Users\Utilisateur\Documents\Visual Studio 2012\Projects\SkyFall Menu 15$\Black Ops 3 Non Host Dvar Menu ZM\BlackOps3ZombieMenuNoHost - Copie\BlackOps3ZombieMenuNoHost\PS3_Debug\ps3ppuld.6136.read.1.tlog
C:\Users\Utilisateur\Documents\Visual Studio 2012\Projects\SkyFall Menu 15$\Black Ops 3 Non Host Dvar Menu ZM\BlackOps3ZombieMenuNoHost - Copie\BlackOps3ZombieMenuNoHost\PS3_Debug\ps3ppuld.6136.write.1.tlog
C:\Users\Utilisateur\Documents\Visual Studio 2012\Projects\SkyFall Menu 15$\Black Ops 3 Non Host Dvar Menu ZM\BlackOps3ZombieMenuNoHost - Copie\BlackOps3ZombieMenuNoHost\PS3_Debug\ps3ppuld.6160.read.1.tlog
C:\Users\Utilisateur\Documents\Visual Studio 2012\Projects\SkyFall Menu 15$\Black Ops 3 Non Host Dvar Menu ZM\BlackOps3ZombieMenuNoHost - Copie\BlackOps3ZombieMenuNoHost\PS3_Debug\ps3ppuld.6160.write.1.tlog
C:\Users\Utilisateur\Documents\Visual Studio 2012\Projects\SkyFall Menu 15$\Black Ops 3 Non Host Dvar Menu ZM\BlackOps3ZombieMenuNoHost - Copie\BlackOps3ZombieMenuNoHost\PS3_Debug\ps3ppuld.6568.read.1.tlog
C:\Users\Utilisateur\Documents\Visual Studio 2012\Projects\SkyFall Menu 15$\Black Ops 3 Non Host Dvar Menu ZM\BlackOps3ZombieMenuNoHost - Copie\BlackOps3ZombieMenuNoHost\PS3_Debug\ps3ppuld.6568.write.1.tlog
C:\Users\Utilisateur\Documents\Visual Studio 2012\Projects\SkyFall Menu 15$\Black Ops 3 Non Host Dvar Menu ZM\BlackOps3ZombieMenuNoHost - Copie\BlackOps3ZombieMenuNoHost\PS3_Debug\ps3ppuld.6960.read.1.tlog
C:\Users\Utilisateur\Documents\Visual Studio 2012\Projects\SkyFall Menu 15$\Black Ops 3 Non Host Dvar Menu ZM\BlackOps3ZombieMenuNoHost - Copie\BlackOps3ZombieMenuNoHost\PS3_Debug\ps3ppuld.6960.write.1.tlog
C:\Users\Utilisateur\Documents\Visual Studio 2012\Projects\SkyFall Menu 15$\Black Ops 3 Non Host Dvar Menu ZM\BlackOps3ZombieMenuNoHost - Copie\BlackOps3ZombieMenuNoHost\PS3_Debug\ps3ppuld.7284.read.1.tlog
C:\Users\Utilisateur\Documents\Visual Studio 2012\Projects\SkyFall Menu 15$\Black Ops 3 Non Host Dvar Menu ZM\BlackOps3ZombieMenuNoHost - Copie\BlackOps3ZombieMenuNoHost\PS3_Debug\ps3ppuld.7284.write.1.tlog
C:\Users\Utilisateur\Documents\Visual Studio 2012\Projects\SkyFall Menu 15$\Black Ops 3 Non Host Dvar Menu ZM\BlackOps3ZombieMenuNoHost - Copie\BlackOps3ZombieMenuNoHost\PS3_Debug\ps3ppuld.74588.read.1.tlog
C:\Users\Utilisateur\Documents\Visual Studio 2012\Projects\SkyFall Menu 15$\Black Ops 3 Non Host Dvar Menu ZM\BlackOps3ZombieMenuNoHost - Copie\BlackOps3ZombieMenuNoHost\PS3_Debug\ps3ppuld.74588.write.1.tlog
C:\Users\Utilisateur\Documents\Visual Studio 2012\Projects\SkyFall Menu 15$\Black Ops 3 Non Host Dvar Menu ZM\BlackOps3ZombieMenuNoHost - Copie\BlackOps3ZombieMenuNoHost\PS3_Debug\ps3ppuld.7520.read.1.tlog
C:\Users\Utilisateur\Documents\Visual Studio 2012\Projects\SkyFall Menu 15$\Black Ops 3 Non Host Dvar Menu ZM\BlackOps3ZombieMenuNoHost - Copie\BlackOps3ZombieMenuNoHost\PS3_Debug\ps3ppuld.7520.write.1.tlog
C:\Users\Utilisateur\Documents\Visual Studio 2012\Projects\SkyFall Menu 15$\Black Ops 3 Non Host Dvar Menu ZM\BlackOps3ZombieMenuNoHost - Copie\BlackOps3ZombieMenuNoHost\PS3_Debug\ps3ppuld.7628.read.1.tlog
C:\Users\Utilisateur\Documents\Visual Studio 2012\Projects\SkyFall Menu 15$\Black Ops 3 Non Host Dvar Menu ZM\BlackOps3ZombieMenuNoHost - Copie\BlackOps3ZombieMenuNoHost\PS3_Debug\ps3ppuld.7628.write.1.tlog
C:\Users\Utilisateur\Documents\Visual Studio 2012\Projects\SkyFall Menu 15$\Black Ops 3 Non Host Dvar Menu ZM\BlackOps3ZombieMenuNoHost - Copie\BlackOps3ZombieMenuNoHost\PS3_Debug\ps3ppuld.8060.read.1.tlog
C:\Users\Utilisateur\Documents\Visual Studio 2012\Projects\SkyFall Menu 15$\Black Ops 3 Non Host Dvar Menu ZM\BlackOps3ZombieMenuNoHost - Copie\BlackOps3ZombieMenuNoHost\PS3_Debug\ps3ppuld.8060.write.1.tlog
C:\Users\Utilisateur\Documents\Visual Studio 2012\Projects\SkyFall Menu 15$\Black Ops 3 Non Host Dvar Menu ZM\BlackOps3ZombieMenuNoHost - Copie\BlackOps3ZombieMenuNoHost\PS3_Debug\ps3ppuld.8180.read.1.tlog
C:\Users\Utilisateur\Documents\Visual Studio 2012\Projects\SkyFall Menu 15$\Black Ops 3 Non Host Dvar Menu ZM\BlackOps3ZombieMenuNoHost - Copie\BlackOps3ZombieMenuNoHost\PS3_Debug\ps3ppuld.8180.write.1.tlog
C:\Users\Utilisateur\Documents\Visual Studio 2012\Projects\SkyFall Menu 15$\Black Ops 3 Non Host Dvar Menu ZM\BlackOps3ZombieMenuNoHost - Copie\BlackOps3ZombieMenuNoHost\PS3_Debug\ps3ppuld.8364.read.1.tlog
C:\Users\Utilisateur\Documents\Visual Studio 2012\Projects\SkyFall Menu 15$\Black Ops 3 Non Host Dvar Menu ZM\BlackOps3ZombieMenuNoHost - Copie\BlackOps3ZombieMenuNoHost\PS3_Debug\ps3ppuld.8364.write.1.tlog
C:\Users\Utilisateur\Documents\Visual Studio 2012\Projects\SkyFall Menu 15$\Black Ops 3 Non Host Dvar Menu ZM\BlackOps3ZombieMenuNoHost - Copie\BlackOps3ZombieMenuNoHost\PS3_Debug\ps3ppuld.8652.read.1.tlog
C:\Users\Utilisateur\Documents\Visual Studio 2012\Projects\SkyFall Menu 15$\Black Ops 3 Non Host Dvar Menu ZM\BlackOps3ZombieMenuNoHost - Copie\BlackOps3ZombieMenuNoHost\PS3_Debug\ps3ppuld.8652.write.1.tlog
C:\Users\Utilisateur\Documents\Visual Studio 2012\Projects\SkyFall Menu 15$\Black Ops 3 Non Host Dvar Menu ZM\BlackOps3ZombieMenuNoHost - Copie\BlackOps3ZombieMenuNoHost\PS3_Debug\ps3ppuld.8804.read.1.tlog
C:\Users\Utilisateur\Documents\Visual Studio 2012\Projects\SkyFall Menu 15$\Black Ops 3 Non Host Dvar Menu ZM\BlackOps3ZombieMenuNoHost - Copie\BlackOps3ZombieMenuNoHost\PS3_Debug\ps3ppuld.8804.write.1.tlog
C:\Users\Utilisateur\Documents\Visual Studio 2012\Projects\SkyFall Menu 15$\Black Ops 3 Non Host Dvar Menu ZM\BlackOps3ZombieMenuNoHost - Copie\BlackOps3ZombieMenuNoHost\PS3_Debug\ps3ppuld.8984.read.1.tlog
C:\Users\Utilisateur\Documents\Visual Studio 2012\Projects\SkyFall Menu 15$\Black Ops 3 Non Host Dvar Menu ZM\BlackOps3ZombieMenuNoHost - Copie\BlackOps3ZombieMenuNoHost\PS3_Debug\ps3ppuld.8984.write.1.tlog
C:\Users\Utilisateur\Documents\Visual Studio 2012\Projects\SkyFall Menu 15$\Black Ops 3 Non Host Dvar Menu ZM\BlackOps3ZombieMenuNoHost - Copie\BlackOps3ZombieMenuNoHost\PS3_Debug\ps3ppuld.9384.read.1.tlog
C:\Users\Utilisateur\Documents\Visual Studio 2012\Projects\SkyFall Menu 15$\Black Ops 3 Non Host Dvar Menu ZM\BlackOps3ZombieMenuNoHost - Copie\BlackOps3ZombieMenuNoHost\PS3_Debug\ps3ppuld.9384.write.1.tlog
C:\Users\Utilisateur\Documents\Visual Studio 2012\Projects\SkyFall Menu 15$\Black Ops 3 Non Host Dvar Menu ZM\BlackOps3ZombieMenuNoHost - Copie\BlackOps3ZombieMenuNoHost\PS3_Debug\ps3ppuld.9416.read.1.tlog
C:\Users\Utilisateur\Documents\Visual Studio 2012\Projects\SkyFall Menu 15$\Black Ops 3 Non Host Dvar Menu ZM\BlackOps3ZombieMenuNoHost - Copie\BlackOps3ZombieMenuNoHost\PS3_Debug\ps3ppuld.9416.write.1.tlog
C:\Users\Utilisateur\Documents\Visual Studio 2012\Projects\SkyFall Menu 15$\Black Ops 3 Non Host Dvar Menu ZM\BlackOps3ZombieMenuNoHost - Copie\BlackOps3ZombieMenuNoHost\PS3_Debug\ps3ppuld.9428.read.1.tlog
C:\Users\Utilisateur\Documents\Visual Studio 2012\Projects\SkyFall Menu 15$\Black Ops 3 Non Host Dvar Menu ZM\BlackOps3ZombieMenuNoHost - Copie\BlackOps3ZombieMenuNoHost\PS3_Debug\ps3ppuld.9428.write.1.tlog
C:\Users\Utilisateur\Documents\Visual Studio 2012\Projects\SkyFall Menu 15$\Black Ops 3 Non Host Dvar Menu ZM\BlackOps3ZombieMenuNoHost - Copie\BlackOps3ZombieMenuNoHost\PS3_Debug\ps3ppuld.9440.read.1.tlog
C:\Users\Utilisateur\Documents\Visual Studio 2012\Projects\SkyFall Menu 15$\Black Ops 3 Non Host Dvar Menu ZM\BlackOps3ZombieMenuNoHost - Copie\BlackOps3ZombieMenuNoHost\PS3_Debug\ps3ppuld.9440.write.1.tlog
C:\Users\Utilisateur\Documents\Visual Studio 2012\Projects\SkyFall Menu 15$\Black Ops 3 Non Host Dvar Menu ZM\BlackOps3ZombieMenuNoHost - Copie\BlackOps3ZombieMenuNoHost\PS3_Debug\ps3ppuld.9472.read.1.tlog
C:\Users\Utilisateur\Documents\Visual Studio 2012\Projects\SkyFall Menu 15$\Black Ops 3 Non Host Dvar Menu ZM\BlackOps3ZombieMenuNoHost - Copie\BlackOps3ZombieMenuNoHost\PS3_Debug\ps3ppuld.9472.write.1.tlog
C:\Users\Utilisateur\Documents\Visual Studio 2012\Projects\SkyFall Menu 15$\Black Ops 3 Non Host Dvar Menu ZM\BlackOps3ZombieMenuNoHost - Copie\BlackOps3ZombieMenuNoHost\PS3_Debug\ps3ppuld.9852.read.1.tlog
C:\Users\Utilisateur\Documents\Visual Studio 2012\Projects\SkyFall Menu 15$\Black Ops 3 Non Host Dvar Menu ZM\BlackOps3ZombieMenuNoHost - Copie\BlackOps3ZombieMenuNoHost\PS3_Debug\ps3ppuld.9852.write.1.tlog
C:\Users\Utilisateur\Documents\Visual Studio 2012\Projects\SkyFall Menu 15$\Black Ops 3 Non Host Dvar Menu ZM\BlackOps3ZombieMenuNoHost - Copie\BlackOps3ZombieMenuNoHost\PS3_Debug\ps3ppuld.command.1.tlog
C:\Users\Utilisateur\Documents\Visual Studio 2012\Projects\SkyFall Menu 15$\Black Ops 3 Non Host Dvar Menu ZM\BlackOps3ZombieMenuNoHost - Copie\BlackOps3ZombieMenuNoHost\PS3_Debug\ps3ppuld.read.1.tlog
C:\Users\Utilisateur\Documents\Visual Studio 2012\Projects\SkyFall Menu 15$\Black Ops 3 Non Host Dvar Menu ZM\BlackOps3ZombieMenuNoHost - Copie\BlackOps3ZombieMenuNoHost\PS3_Debug\ps3ppuld.write.1.tlog
C:\Users\Utilisateur\Documents\Visual Studio 2012\Projects\SkyFall Menu 15$\Black Ops 3 Non Host Dvar Menu ZM\BlackOps3ZombieMenuNoHost - Copie\BlackOps3ZombieMenuNoHost\PS3_Debug\ps3ppusnc.command.1.tlog
C:\Users\Utilisateur\Documents\Visual Studio 2012\Projects\SkyFall Menu 15$\Black Ops 3 Non Host Dvar Menu ZM\BlackOps3ZombieMenuNoHost - Copie\BlackOps3ZombieMenuNoHost\PS3_Debug\ps3ppusnc.read.1.tlog
C:\Users\Utilisateur\Documents\Visual Studio 2012\Projects\SkyFall Menu 15$\Black Ops 3 Non Host Dvar Menu ZM\BlackOps3ZombieMenuNoHost - Copie\BlackOps3ZombieMenuNoHost\PS3_Debug\ps3ppusnc.write.1.tlog
C:\Users\Utilisateur\Documents\Visual Studio 2012\Projects\SkyFall Menu 15$\Black Ops 3 Non Host Dvar Menu ZM\BlackOps3ZombieMenuNoHost - Copie\PS3_Debug\MrNiato.sprx
